[10-Nov-2014 12:22:48 America/Santiago] PHP Fatal error:  Allowed memory size of 134217728 bytes exhausted (tried to allocate 82 bytes) in /var/www/html/yii/framework/db/ar/CActiveRecord.php on line 1861
[10-Nov-2014 12:49:36 America/Santiago] PHP Fatal error:  Allowed memory size of 134217728 bytes exhausted (tried to allocate 78 bytes) in /var/www/html/yii/framework/YiiBase.php on line 475
[10-Nov-2014 12:56:05 America/Santiago] PHP Fatal error:  Allowed memory size of 134217728 bytes exhausted (tried to allocate 78 bytes) in /var/www/html/yii/framework/db/ar/CActiveFinder.php on line 848
[10-Nov-2014 12:56:30 America/Santiago] PHP Fatal error:  Allowed memory size of 134217728 bytes exhausted (tried to allocate 78 bytes) in /var/www/html/yii/framework/db/ar/CActiveFinder.php on line 848
[10-Nov-2014 12:57:39 America/Santiago] PHP Fatal error:  Allowed memory size of 134217728 bytes exhausted (tried to allocate 72 bytes) in /var/www/html/yii/framework/db/ar/CActiveRecord.php on line 1866
[10-Nov-2014 12:57:49 America/Santiago] PHP Fatal error:  Allowed memory size of 134217728 bytes exhausted (tried to allocate 78 bytes) in /var/www/html/yii/framework/db/ar/CActiveFinder.php on line 848
[10-Nov-2014 15:42:32 America/Santiago] PHP Parse error:  syntax error, unexpected '$this' (T_VARIABLE) in /var/www/html/cirigliano/protected/models/Punto.php on line 93
[10-Nov-2014 15:23:26 America/New_York] PHP Warning:  Maximum number of allowable file uploads has been exceeded in Unknown on line 0
[10-Nov-2014 15:23:26 America/New_York] PHP Warning:  Maximum number of allowable file uploads has been exceeded in Unknown on line 0
[10-Nov-2014 15:23:27 America/New_York] PHP Warning:  Maximum number of allowable file uploads has been exceeded in Unknown on line 0
[11-Nov-2014 15:22:16 America/New_York] PHP Warning:  Maximum number of allowable file uploads has been exceeded in Unknown on line 0
[11-Nov-2014 15:22:16 America/New_York] PHP Warning:  Maximum number of allowable file uploads has been exceeded in Unknown on line 0
[11-Nov-2014 15:22:16 America/New_York] PHP Warning:  Maximum number of allowable file uploads has been exceeded in Unknown on line 0
[11-Nov-2014 15:22:16 America/New_York] PHP Warning:  Maximum number of allowable file uploads has been exceeded in Unknown on line 0
[11-Nov-2014 15:22:16 America/New_York] PHP Warning:  Maximum number of allowable file uploads has been exceeded in Unknown on line 0
[11-Nov-2014 15:22:16 America/New_York] PHP Warning:  Maximum number of allowable file uploads has been exceeded in Unknown on line 0
[11-Nov-2014 15:22:16 America/New_York] PHP Warning:  Maximum number of allowable file uploads has been exceeded in Unknown on line 0
[11-Nov-2014 15:22:16 America/New_York] PHP Warning:  Maximum number of allowable file uploads has been exceeded in Unknown on line 0
[11-Nov-2014 15:22:16 America/New_York] PHP Warning:  Maximum number of allowable file uploads has been exceeded in Unknown on line 0
[11-Nov-2014 15:42:43 America/New_York] PHP Warning:  Maximum number of allowable file uploads has been exceeded in Unknown on line 0
[11-Nov-2014 15:42:43 America/New_York] PHP Warning:  Maximum number of allowable file uploads has been exceeded in Unknown on line 0
[11-Nov-2014 15:42:43 America/New_York] PHP Warning:  Maximum number of allowable file uploads has been exceeded in Unknown on line 0
[11-Nov-2014 15:42:43 America/New_York] PHP Warning:  Maximum number of allowable file uploads has been exceeded in Unknown on line 0
[11-Nov-2014 15:42:43 America/New_York] PHP Warning:  Maximum number of allowable file uploads has been exceeded in Unknown on line 0
[11-Nov-2014 15:42:43 America/New_York] PHP Warning:  Maximum number of allowable file uploads has been exceeded in Unknown on line 0
[11-Nov-2014 15:42:43 America/New_York] PHP Warning:  Maximum number of allowable file uploads has been exceeded in Unknown on line 0
[11-Nov-2014 15:42:43 America/New_York] PHP Warning:  Maximum number of allowable file uploads has been exceeded in Unknown on line 0
[11-Nov-2014 15:42:43 America/New_York] PHP Warning:  Maximum number of allowable file uploads has been exceeded in Unknown on line 0
[11-Nov-2014 15:42:43 America/New_York] PHP Warning:  Maximum number of allowable file uploads has been exceeded in Unknown on line 0
[11-Nov-2014 16:21:34 America/New_York] PHP Fatal error:  Call to a member function checkAccess() on a non-object in /var/www/html/recarga/protected/config/main.php on line 15
[11-Nov-2014 16:21:44 America/New_York] PHP Fatal error:  Call to a member function checkAccess() on a non-object in /var/www/html/recarga/protected/config/main.php on line 15
[11-Nov-2014 16:21:46 America/New_York] PHP Fatal error:  Call to a member function checkAccess() on a non-object in /var/www/html/recarga/protected/config/main.php on line 15
[11-Nov-2014 16:21:48 America/New_York] PHP Fatal error:  Call to a member function checkAccess() on a non-object in /var/www/html/recarga/protected/config/main.php on line 15
[11-Nov-2014 16:21:59 America/New_York] PHP Fatal error:  Call to a member function checkAccess() on a non-object in /var/www/html/recarga/protected/config/main.php on line 15
[11-Nov-2014 16:22:41 America/New_York] PHP Fatal error:  Call to a member function checkAccess() on a non-object in /var/www/html/recarga/protected/config/main.php on line 15
[11-Nov-2014 16:22:48 America/New_York] PHP Fatal error:  Call to a member function checkAccess() on a non-object in /var/www/html/recarga/protected/config/main.php on line 15
[11-Nov-2014 16:25:46 America/New_York] PHP Fatal error:  Call to a member function checkAccess() on a non-object in /var/www/html/recarga/protected/config/main.php on line 15
[11-Nov-2014 18:29:35 America/Santiago] PHP Parse error:  syntax error, unexpected 'return' (T_RETURN) in /var/www/html/recarga/protected/models/Encuesta.php on line 171
[11-Nov-2014 18:29:41 America/Santiago] PHP Parse error:  syntax error, unexpected 'return' (T_RETURN) in /var/www/html/recarga/protected/models/Encuesta.php on line 171
[11-Nov-2014 21:15:28 America/New_York] PHP Warning:  Maximum number of allowable file uploads has been exceeded in Unknown on line 0
[11-Nov-2014 21:15:28 America/New_York] PHP Warning:  Maximum number of allowable file uploads has been exceeded in Unknown on line 0
[11-Nov-2014 21:15:28 America/New_York] PHP Warning:  Maximum number of allowable file uploads has been exceeded in Unknown on line 0
[11-Nov-2014 21:15:28 America/New_York] PHP Warning:  Maximum number of allowable file uploads has been exceeded in Unknown on line 0
[11-Nov-2014 21:15:29 America/New_York] PHP Warning:  Maximum number of allowable file uploads has been exceeded in Unknown on line 0
[11-Nov-2014 21:15:30 America/New_York] PHP Warning:  Maximum number of allowable file uploads has been exceeded in Unknown on line 0
[11-Nov-2014 21:15:30 America/New_York] PHP Warning:  Maximum number of allowable file uploads has been exceeded in Unknown on line 0
[11-Nov-2014 21:15:30 America/New_York] PHP Warning:  Maximum number of allowable file uploads has been exceeded in Unknown on line 0
[11-Nov-2014 21:15:31 America/New_York] PHP Warning:  Maximum number of allowable file uploads has been exceeded in Unknown on line 0
[11-Nov-2014 21:15:31 America/New_York] PHP Warning:  Maximum number of allowable file uploads has been exceeded in Unknown on line 0
[11-Nov-2014 21:15:31 America/New_York] PHP Warning:  Maximum number of allowable file uploads has been exceeded in Unknown on line 0
[11-Nov-2014 21:15:31 America/New_York] PHP Warning:  Maximum number of allowable file uploads has been exceeded in Unknown on line 0
[11-Nov-2014 21:15:31 America/New_York] PHP Warning:  Maximum number of allowable file uploads has been exceeded in Unknown on line 0
[11-Nov-2014 21:15:31 America/New_York] PHP Warning:  Maximum number of allowable file uploads has been exceeded in Unknown on line 0
[11-Nov-2014 21:15:31 America/New_York] PHP Warning:  Maximum number of allowable file uploads has been exceeded in Unknown on line 0
[11-Nov-2014 21:15:32 America/New_York] PHP Warning:  Maximum number of allowable file uploads has been exceeded in Unknown on line 0
[11-Nov-2014 21:15:32 America/New_York] PHP Warning:  Maximum number of allowable file uploads has been exceeded in Unknown on line 0
[11-Nov-2014 21:15:32 America/New_York] PHP Warning:  Maximum number of allowable file uploads has been exceeded in Unknown on line 0
[11-Nov-2014 21:15:32 America/New_York] PHP Warning:  Maximum number of allowable file uploads has been exceeded in Unknown on line 0
[11-Nov-2014 21:15:32 America/New_York] PHP Warning:  Maximum number of allowable file uploads has been exceeded in Unknown on line 0
[11-Nov-2014 21:15:33 America/New_York] PHP Warning:  Maximum number of allowable file uploads has been exceeded in Unknown on line 0
[11-Nov-2014 21:15:34 America/New_York] PHP Warning:  Maximum number of allowable file uploads has been exceeded in Unknown on line 0
[11-Nov-2014 21:15:34 America/New_York] PHP Warning:  Maximum number of allowable file uploads has been exceeded in Unknown on line 0
[11-Nov-2014 21:15:35 America/New_York] PHP Warning:  Maximum number of allowable file uploads has been exceeded in Unknown on line 0
[11-Nov-2014 21:15:35 America/New_York] PHP Warning:  Maximum number of allowable file uploads has been exceeded in Unknown on line 0
[11-Nov-2014 21:15:35 America/New_York] PHP Warning:  Maximum number of allowable file uploads has been exceeded in Unknown on line 0
[11-Nov-2014 21:15:35 America/New_York] PHP Warning:  Maximum number of allowable file uploads has been exceeded in Unknown on line 0
[11-Nov-2014 21:15:35 America/New_York] PHP Warning:  Maximum number of allowable file uploads has been exceeded in Unknown on line 0
[11-Nov-2014 21:15:35 America/New_York] PHP Warning:  Maximum number of allowable file uploads has been exceeded in Unknown on line 0
[11-Nov-2014 21:15:35 America/New_York] PHP Warning:  Maximum number of allowable file uploads has been exceeded in Unknown on line 0
[11-Nov-2014 21:15:35 America/New_York] PHP Warning:  Maximum number of allowable file uploads has been exceeded in Unknown on line 0
[11-Nov-2014 21:15:35 America/New_York] PHP Warning:  Maximum number of allowable file uploads has been exceeded in Unknown on line 0
[11-Nov-2014 21:15:35 America/New_York] PHP Warning:  Maximum number of allowable file uploads has been exceeded in Unknown on line 0
[11-Nov-2014 21:15:35 America/New_York] PHP Warning:  Maximum number of allowable file uploads has been exceeded in Unknown on line 0
[11-Nov-2014 21:15:35 America/New_York] PHP Warning:  Maximum number of allowable file uploads has been exceeded in Unknown on line 0
[11-Nov-2014 21:15:36 America/New_York] PHP Warning:  Maximum number of allowable file uploads has been exceeded in Unknown on line 0
[11-Nov-2014 21:15:36 America/New_York] PHP Warning:  Maximum number of allowable file uploads has been exceeded in Unknown on line 0
[11-Nov-2014 21:15:36 America/New_York] PHP Warning:  Maximum number of allowable file uploads has been exceeded in Unknown on line 0
[11-Nov-2014 21:15:37 America/New_York] PHP Warning:  Maximum number of allowable file uploads has been exceeded in Unknown on line 0
[11-Nov-2014 21:15:40 America/New_York] PHP Warning:  Maximum number of allowable file uploads has been exceeded in Unknown on line 0
[11-Nov-2014 21:15:40 America/New_York] PHP Warning:  Maximum number of allowable file uploads has been exceeded in Unknown on line 0
[11-Nov-2014 23:16:47 America/Santiago] PHP Parse error:  syntax error, unexpected ')', expecting ']' in /var/www/html/recarga/protected/views/reporte/comparativo.php on line 94
[11-Nov-2014 23:17:23 America/Santiago] PHP Parse error:  syntax error, unexpected ')', expecting ']' in /var/www/html/recarga/protected/views/reporte/comparativo.php on line 94
[11-Nov-2014 23:18:24 America/Santiago] PHP Parse error:  syntax error, unexpected '*' in /var/www/html/recarga/protected/views/reporte/comparativo.php on line 125
[12-Nov-2014 01:20:37 America/New_York] PHP Warning:  Maximum number of allowable file uploads has been exceeded in Unknown on line 0
[12-Nov-2014 01:20:37 America/New_York] PHP Warning:  Maximum number of allowable file uploads has been exceeded in Unknown on line 0
[12-Nov-2014 01:20:37 America/New_York] PHP Warning:  Maximum number of allowable file uploads has been exceeded in Unknown on line 0
[12-Nov-2014 01:20:37 America/New_York] PHP Warning:  Maximum number of allowable file uploads has been exceeded in Unknown on line 0
[12-Nov-2014 01:20:37 America/New_York] PHP Warning:  Maximum number of allowable file uploads has been exceeded in Unknown on line 0
[12-Nov-2014 01:20:37 America/New_York] PHP Warning:  Maximum number of allowable file uploads has been exceeded in Unknown on line 0
[12-Nov-2014 01:20:38 America/New_York] PHP Warning:  Maximum number of allowable file uploads has been exceeded in Unknown on line 0
[12-Nov-2014 01:20:38 America/New_York] PHP Warning:  Maximum number of allowable file uploads has been exceeded in Unknown on line 0
[12-Nov-2014 01:20:38 America/New_York] PHP Warning:  Maximum number of allowable file uploads has been exceeded in Unknown on line 0
[12-Nov-2014 01:20:38 America/New_York] PHP Warning:  Maximum number of allowable file uploads has been exceeded in Unknown on line 0
[12-Nov-2014 01:20:38 America/New_York] PHP Warning:  Maximum number of allowable file uploads has been exceeded in Unknown on line 0
[12-Nov-2014 01:20:39 America/New_York] PHP Warning:  Maximum number of allowable file uploads has been exceeded in Unknown on line 0
[12-Nov-2014 01:20:39 America/New_York] PHP Warning:  Maximum number of allowable file uploads has been exceeded in Unknown on line 0
[12-Nov-2014 01:20:39 America/New_York] PHP Warning:  Maximum number of allowable file uploads has been exceeded in Unknown on line 0
[12-Nov-2014 01:20:39 America/New_York] PHP Warning:  Maximum number of allowable file uploads has been exceeded in Unknown on line 0
[12-Nov-2014 01:20:39 America/New_York] PHP Warning:  Maximum number of allowable file uploads has been exceeded in Unknown on line 0
[12-Nov-2014 01:20:39 America/New_York] PHP Warning:  Maximum number of allowable file uploads has been exceeded in Unknown on line 0
[12-Nov-2014 01:20:39 America/New_York] PHP Warning:  Maximum number of allowable file uploads has been exceeded in Unknown on line 0
[12-Nov-2014 01:20:40 America/New_York] PHP Warning:  Maximum number of allowable file uploads has been exceeded in Unknown on line 0
[12-Nov-2014 01:20:40 America/New_York] PHP Warning:  Maximum number of allowable file uploads has been exceeded in Unknown on line 0
[12-Nov-2014 01:20:40 America/New_York] PHP Warning:  Maximum number of allowable file uploads has been exceeded in Unknown on line 0
[12-Nov-2014 01:20:40 America/New_York] PHP Warning:  Maximum number of allowable file uploads has been exceeded in Unknown on line 0
[12-Nov-2014 01:20:40 America/New_York] PHP Warning:  Maximum number of allowable file uploads has been exceeded in Unknown on line 0
[12-Nov-2014 01:20:40 America/New_York] PHP Warning:  Maximum number of allowable file uploads has been exceeded in Unknown on line 0
[12-Nov-2014 01:20:40 America/New_York] PHP Warning:  Maximum number of allowable file uploads has been exceeded in Unknown on line 0
[12-Nov-2014 01:20:40 America/New_York] PHP Warning:  Maximum number of allowable file uploads has been exceeded in Unknown on line 0
[12-Nov-2014 01:20:41 America/New_York] PHP Warning:  Maximum number of allowable file uploads has been exceeded in Unknown on line 0
[12-Nov-2014 01:20:41 America/New_York] PHP Warning:  Maximum number of allowable file uploads has been exceeded in Unknown on line 0
[12-Nov-2014 01:20:41 America/New_York] PHP Warning:  Maximum number of allowable file uploads has been exceeded in Unknown on line 0
[12-Nov-2014 01:20:41 America/New_York] PHP Warning:  Maximum number of allowable file uploads has been exceeded in Unknown on line 0
[12-Nov-2014 01:20:41 America/New_York] PHP Warning:  Maximum number of allowable file uploads has been exceeded in Unknown on line 0
[12-Nov-2014 01:20:41 America/New_York] PHP Warning:  Maximum number of allowable file uploads has been exceeded in Unknown on line 0
[12-Nov-2014 01:20:41 America/New_York] PHP Warning:  Maximum number of allowable file uploads has been exceeded in Unknown on line 0
[12-Nov-2014 01:20:41 America/New_York] PHP Warning:  Maximum number of allowable file uploads has been exceeded in Unknown on line 0
[12-Nov-2014 01:20:42 America/New_York] PHP Warning:  Maximum number of allowable file uploads has been exceeded in Unknown on line 0
[12-Nov-2014 01:20:42 America/New_York] PHP Warning:  Maximum number of allowable file uploads has been exceeded in Unknown on line 0
[12-Nov-2014 01:20:42 America/New_York] PHP Warning:  Maximum number of allowable file uploads has been exceeded in Unknown on line 0
[12-Nov-2014 01:20:42 America/New_York] PHP Warning:  Maximum number of allowable file uploads has been exceeded in Unknown on line 0
[12-Nov-2014 01:20:43 America/New_York] PHP Warning:  Maximum number of allowable file uploads has been exceeded in Unknown on line 0
[12-Nov-2014 01:20:43 America/New_York] PHP Warning:  Maximum number of allowable file uploads has been exceeded in Unknown on line 0
[12-Nov-2014 01:20:43 America/New_York] PHP Warning:  Maximum number of allowable file uploads has been exceeded in Unknown on line 0
[12-Nov-2014 01:20:43 America/New_York] PHP Warning:  Maximum number of allowable file uploads has been exceeded in Unknown on line 0
[12-Nov-2014 01:20:43 America/New_York] PHP Warning:  Maximum number of allowable file uploads has been exceeded in Unknown on line 0
[12-Nov-2014 01:20:43 America/New_York] PHP Warning:  Maximum number of allowable file uploads has been exceeded in Unknown on line 0
[12-Nov-2014 01:20:43 America/New_York] PHP Warning:  Maximum number of allowable file uploads has been exceeded in Unknown on line 0
[12-Nov-2014 01:20:44 America/New_York] PHP Warning:  Maximum number of allowable file uploads has been exceeded in Unknown on line 0
[12-Nov-2014 01:20:44 America/New_York] PHP Warning:  Maximum number of allowable file uploads has been exceeded in Unknown on line 0
[12-Nov-2014 01:20:44 America/New_York] PHP Warning:  Maximum number of allowable file uploads has been exceeded in Unknown on line 0
[12-Nov-2014 01:20:44 America/New_York] PHP Warning:  Maximum number of allowable file uploads has been exceeded in Unknown on line 0
[12-Nov-2014 01:20:44 America/New_York] PHP Warning:  Maximum number of allowable file uploads has been exceeded in Unknown on line 0
[12-Nov-2014 01:20:44 America/New_York] PHP Warning:  Maximum number of allowable file uploads has been exceeded in Unknown on line 0
[12-Nov-2014 01:20:44 America/New_York] PHP Warning:  Maximum number of allowable file uploads has been exceeded in Unknown on line 0
[12-Nov-2014 01:20:44 America/New_York] PHP Warning:  Maximum number of allowable file uploads has been exceeded in Unknown on line 0
[12-Nov-2014 01:20:44 America/New_York] PHP Warning:  Maximum number of allowable file uploads has been exceeded in Unknown on line 0
[12-Nov-2014 01:20:44 America/New_York] PHP Warning:  Maximum number of allowable file uploads has been exceeded in Unknown on line 0
[12-Nov-2014 01:20:44 America/New_York] PHP Warning:  Maximum number of allowable file uploads has been exceeded in Unknown on line 0
[12-Nov-2014 01:20:44 America/New_York] PHP Warning:  Maximum number of allowable file uploads has been exceeded in Unknown on line 0
[13-Nov-2014 15:43:47 America/Santiago] PHP Fatal error:  Class 'PuntosRuta' not found in /var/www/html/loreal/protected/controllers/RutaController.php on line 180
[14-Nov-2014 10:03:58 America/New_York] PHP Warning:  Maximum number of allowable file uploads has been exceeded in Unknown on line 0
[14-Nov-2014 10:04:06 America/New_York] PHP Warning:  Maximum number of allowable file uploads has been exceeded in Unknown on line 0
[14-Nov-2014 10:04:12 America/New_York] PHP Warning:  Maximum number of allowable file uploads has been exceeded in Unknown on line 0
[14-Nov-2014 10:04:19 America/New_York] PHP Warning:  Maximum number of allowable file uploads has been exceeded in Unknown on line 0
[14-Nov-2014 10:04:27 America/New_York] PHP Warning:  Maximum number of allowable file uploads has been exceeded in Unknown on line 0
[14-Nov-2014 10:04:35 America/New_York] PHP Warning:  Maximum number of allowable file uploads has been exceeded in Unknown on line 0
[14-Nov-2014 10:04:44 America/New_York] PHP Warning:  Maximum number of allowable file uploads has been exceeded in Unknown on line 0
[14-Nov-2014 10:04:52 America/New_York] PHP Warning:  Maximum number of allowable file uploads has been exceeded in Unknown on line 0
[14-Nov-2014 10:04:59 America/New_York] PHP Warning:  Maximum number of allowable file uploads has been exceeded in Unknown on line 0
[16-Nov-2014 16:55:12 America/New_York] PHP Warning:  Maximum number of allowable file uploads has been exceeded in Unknown on line 0
[16-Nov-2014 16:55:12 America/New_York] PHP Warning:  Maximum number of allowable file uploads has been exceeded in Unknown on line 0
[16-Nov-2014 23:38:09 America/Santiago] PHP Parse error:  syntax error, unexpected '$encuesta' (T_VARIABLE) in /var/www/html/recarga/protected/controllers/ReporteController.php on line 177
[16-Nov-2014 23:38:57 America/Santiago] PHP Parse error:  syntax error, unexpected '$encuesta' (T_VARIABLE) in /var/www/html/recarga/protected/controllers/ReporteController.php on line 177
[16-Nov-2014 23:14:26 America/New_York] PHP Warning:  Maximum number of allowable file uploads has been exceeded in Unknown on line 0
[16-Nov-2014 23:17:55 America/New_York] PHP Warning:  Maximum number of allowable file uploads has been exceeded in Unknown on line 0
[16-Nov-2014 23:21:28 America/New_York] PHP Warning:  Maximum number of allowable file uploads has been exceeded in Unknown on line 0
[16-Nov-2014 23:24:47 America/New_York] PHP Warning:  Maximum number of allowable file uploads has been exceeded in Unknown on line 0
[16-Nov-2014 23:28:03 America/New_York] PHP Warning:  Maximum number of allowable file uploads has been exceeded in Unknown on line 0
[16-Nov-2014 23:30:39 America/New_York] PHP Warning:  Maximum number of allowable file uploads has been exceeded in Unknown on line 0
[16-Nov-2014 23:33:05 America/New_York] PHP Warning:  Maximum number of allowable file uploads has been exceeded in Unknown on line 0
[16-Nov-2014 23:35:53 America/New_York] PHP Warning:  Maximum number of allowable file uploads has been exceeded in Unknown on line 0
[16-Nov-2014 23:38:23 America/New_York] PHP Warning:  Maximum number of allowable file uploads has been exceeded in Unknown on line 0
[16-Nov-2014 23:40:58 America/New_York] PHP Warning:  Maximum number of allowable file uploads has been exceeded in Unknown on line 0
[16-Nov-2014 23:43:17 America/New_York] PHP Warning:  Maximum number of allowable file uploads has been exceeded in Unknown on line 0
[16-Nov-2014 23:45:30 America/New_York] PHP Warning:  Maximum number of allowable file uploads has been exceeded in Unknown on line 0
[16-Nov-2014 23:48:06 America/New_York] PHP Warning:  Maximum number of allowable file uploads has been exceeded in Unknown on line 0
[16-Nov-2014 23:50:55 America/New_York] PHP Warning:  Maximum number of allowable file uploads has been exceeded in Unknown on line 0
[16-Nov-2014 23:54:08 America/New_York] PHP Warning:  Maximum number of allowable file uploads has been exceeded in Unknown on line 0
[16-Nov-2014 23:57:25 America/New_York] PHP Warning:  Maximum number of allowable file uploads has been exceeded in Unknown on line 0
[17-Nov-2014 00:00:40 America/New_York] PHP Warning:  Maximum number of allowable file uploads has been exceeded in Unknown on line 0
[17-Nov-2014 00:03:27 America/New_York] PHP Warning:  Maximum number of allowable file uploads has been exceeded in Unknown on line 0
[17-Nov-2014 00:05:51 America/New_York] PHP Warning:  Maximum number of allowable file uploads has been exceeded in Unknown on line 0
[17-Nov-2014 00:08:39 America/New_York] PHP Warning:  Maximum number of allowable file uploads has been exceeded in Unknown on line 0
[17-Nov-2014 00:11:09 America/New_York] PHP Warning:  Maximum number of allowable file uploads has been exceeded in Unknown on line 0
[17-Nov-2014 00:13:45 America/New_York] PHP Warning:  Maximum number of allowable file uploads has been exceeded in Unknown on line 0
[17-Nov-2014 00:16:23 America/New_York] PHP Warning:  Maximum number of allowable file uploads has been exceeded in Unknown on line 0
[17-Nov-2014 00:18:42 America/New_York] PHP Warning:  Maximum number of allowable file uploads has been exceeded in Unknown on line 0
[17-Nov-2014 00:21:09 America/New_York] PHP Warning:  Maximum number of allowable file uploads has been exceeded in Unknown on line 0
[17-Nov-2014 00:23:53 America/New_York] PHP Warning:  Maximum number of allowable file uploads has been exceeded in Unknown on line 0
[17-Nov-2014 00:26:24 America/New_York] PHP Warning:  Maximum number of allowable file uploads has been exceeded in Unknown on line 0
[17-Nov-2014 00:29:32 America/New_York] PHP Warning:  Maximum number of allowable file uploads has been exceeded in Unknown on line 0
[17-Nov-2014 00:32:20 America/New_York] PHP Warning:  Maximum number of allowable file uploads has been exceeded in Unknown on line 0
[17-Nov-2014 00:35:05 America/New_York] PHP Warning:  Maximum number of allowable file uploads has been exceeded in Unknown on line 0
[17-Nov-2014 00:37:20 America/New_York] PHP Warning:  Maximum number of allowable file uploads has been exceeded in Unknown on line 0
[17-Nov-2014 00:39:52 America/New_York] PHP Warning:  Maximum number of allowable file uploads has been exceeded in Unknown on line 0
[17-Nov-2014 00:42:43 America/New_York] PHP Warning:  Maximum number of allowable file uploads has been exceeded in Unknown on line 0
[17-Nov-2014 00:45:38 America/New_York] PHP Warning:  Maximum number of allowable file uploads has been exceeded in Unknown on line 0
[17-Nov-2014 00:48:33 America/New_York] PHP Warning:  Maximum number of allowable file uploads has been exceeded in Unknown on line 0
[17-Nov-2014 00:51:30 America/New_York] PHP Warning:  Maximum number of allowable file uploads has been exceeded in Unknown on line 0
[17-Nov-2014 00:54:20 America/New_York] PHP Warning:  Maximum number of allowable file uploads has been exceeded in Unknown on line 0
[17-Nov-2014 00:56:51 America/New_York] PHP Warning:  Maximum number of allowable file uploads has been exceeded in Unknown on line 0
[17-Nov-2014 00:59:21 America/New_York] PHP Warning:  Maximum number of allowable file uploads has been exceeded in Unknown on line 0
[17-Nov-2014 01:01:59 America/New_York] PHP Warning:  Maximum number of allowable file uploads has been exceeded in Unknown on line 0
[17-Nov-2014 01:05:13 America/New_York] PHP Warning:  Maximum number of allowable file uploads has been exceeded in Unknown on line 0
[17-Nov-2014 01:07:43 America/New_York] PHP Warning:  Maximum number of allowable file uploads has been exceeded in Unknown on line 0
[17-Nov-2014 01:10:31 America/New_York] PHP Warning:  Maximum number of allowable file uploads has been exceeded in Unknown on line 0
[17-Nov-2014 01:12:57 America/New_York] PHP Warning:  Maximum number of allowable file uploads has been exceeded in Unknown on line 0
[17-Nov-2014 01:15:09 America/New_York] PHP Warning:  Maximum number of allowable file uploads has been exceeded in Unknown on line 0
[17-Nov-2014 01:17:28 America/New_York] PHP Warning:  Maximum number of allowable file uploads has been exceeded in Unknown on line 0
[17-Nov-2014 01:19:56 America/New_York] PHP Warning:  Maximum number of allowable file uploads has been exceeded in Unknown on line 0
[17-Nov-2014 01:22:28 America/New_York] PHP Warning:  Maximum number of allowable file uploads has been exceeded in Unknown on line 0
[17-Nov-2014 01:25:04 America/New_York] PHP Warning:  Maximum number of allowable file uploads has been exceeded in Unknown on line 0
[17-Nov-2014 01:27:54 America/New_York] PHP Warning:  Maximum number of allowable file uploads has been exceeded in Unknown on line 0
[17-Nov-2014 01:30:37 America/New_York] PHP Warning:  Maximum number of allowable file uploads has been exceeded in Unknown on line 0
[17-Nov-2014 01:33:03 America/New_York] PHP Warning:  Maximum number of allowable file uploads has been exceeded in Unknown on line 0
[17-Nov-2014 01:35:33 America/New_York] PHP Warning:  Maximum number of allowable file uploads has been exceeded in Unknown on line 0
[17-Nov-2014 01:38:17 America/New_York] PHP Warning:  Maximum number of allowable file uploads has been exceeded in Unknown on line 0
[17-Nov-2014 01:40:50 America/New_York] PHP Warning:  Maximum number of allowable file uploads has been exceeded in Unknown on line 0
[17-Nov-2014 01:43:14 America/New_York] PHP Warning:  Maximum number of allowable file uploads has been exceeded in Unknown on line 0
[17-Nov-2014 01:45:30 America/New_York] PHP Warning:  Maximum number of allowable file uploads has been exceeded in Unknown on line 0
[17-Nov-2014 01:48:24 America/New_York] PHP Warning:  Maximum number of allowable file uploads has been exceeded in Unknown on line 0
[17-Nov-2014 01:51:05 America/New_York] PHP Warning:  Maximum number of allowable file uploads has been exceeded in Unknown on line 0
[17-Nov-2014 01:53:42 America/New_York] PHP Warning:  Maximum number of allowable file uploads has been exceeded in Unknown on line 0
[17-Nov-2014 01:56:15 America/New_York] PHP Warning:  Maximum number of allowable file uploads has been exceeded in Unknown on line 0
[17-Nov-2014 01:58:48 America/New_York] PHP Warning:  Maximum number of allowable file uploads has been exceeded in Unknown on line 0
[17-Nov-2014 02:01:27 America/New_York] PHP Warning:  Maximum number of allowable file uploads has been exceeded in Unknown on line 0
[17-Nov-2014 02:04:17 America/New_York] PHP Warning:  Maximum number of allowable file uploads has been exceeded in Unknown on line 0
[17-Nov-2014 02:07:15 America/New_York] PHP Warning:  Maximum number of allowable file uploads has been exceeded in Unknown on line 0
[17-Nov-2014 02:10:01 America/New_York] PHP Warning:  Maximum number of allowable file uploads has been exceeded in Unknown on line 0
[17-Nov-2014 02:12:44 America/New_York] PHP Warning:  Maximum number of allowable file uploads has been exceeded in Unknown on line 0
[17-Nov-2014 02:15:10 America/New_York] PHP Warning:  Maximum number of allowable file uploads has been exceeded in Unknown on line 0
[17-Nov-2014 02:17:32 America/New_York] PHP Warning:  Maximum number of allowable file uploads has been exceeded in Unknown on line 0
[17-Nov-2014 02:19:59 America/New_York] PHP Warning:  Maximum number of allowable file uploads has been exceeded in Unknown on line 0
[17-Nov-2014 02:22:03 America/New_York] PHP Warning:  Maximum number of allowable file uploads has been exceeded in Unknown on line 0
[17-Nov-2014 02:24:53 America/New_York] PHP Warning:  Maximum number of allowable file uploads has been exceeded in Unknown on line 0
[17-Nov-2014 02:27:36 America/New_York] PHP Warning:  Maximum number of allowable file uploads has been exceeded in Unknown on line 0
[17-Nov-2014 02:30:12 America/New_York] PHP Warning:  Maximum number of allowable file uploads has been exceeded in Unknown on line 0
[17-Nov-2014 02:32:45 America/New_York] PHP Warning:  Maximum number of allowable file uploads has been exceeded in Unknown on line 0
[17-Nov-2014 02:35:04 America/New_York] PHP Warning:  Maximum number of allowable file uploads has been exceeded in Unknown on line 0
[17-Nov-2014 02:37:29 America/New_York] PHP Warning:  Maximum number of allowable file uploads has been exceeded in Unknown on line 0
[17-Nov-2014 02:39:30 America/New_York] PHP Warning:  Maximum number of allowable file uploads has been exceeded in Unknown on line 0
[17-Nov-2014 02:42:05 America/New_York] PHP Warning:  Maximum number of allowable file uploads has been exceeded in Unknown on line 0
[17-Nov-2014 02:44:34 America/New_York] PHP Warning:  Maximum number of allowable file uploads has been exceeded in Unknown on line 0
[17-Nov-2014 02:46:54 America/New_York] PHP Warning:  Maximum number of allowable file uploads has been exceeded in Unknown on line 0
[17-Nov-2014 02:49:31 America/New_York] PHP Warning:  Maximum number of allowable file uploads has been exceeded in Unknown on line 0
[17-Nov-2014 02:52:06 America/New_York] PHP Warning:  Maximum number of allowable file uploads has been exceeded in Unknown on line 0
[17-Nov-2014 02:54:57 America/New_York] PHP Warning:  Maximum number of allowable file uploads has been exceeded in Unknown on line 0
[17-Nov-2014 02:57:41 America/New_York] PHP Warning:  Maximum number of allowable file uploads has been exceeded in Unknown on line 0
[17-Nov-2014 03:00:18 America/New_York] PHP Warning:  Maximum number of allowable file uploads has been exceeded in Unknown on line 0
[17-Nov-2014 03:02:44 America/New_York] PHP Warning:  Maximum number of allowable file uploads has been exceeded in Unknown on line 0
[17-Nov-2014 03:05:23 America/New_York] PHP Warning:  Maximum number of allowable file uploads has been exceeded in Unknown on line 0
[17-Nov-2014 03:08:01 America/New_York] PHP Warning:  Maximum number of allowable file uploads has been exceeded in Unknown on line 0
[17-Nov-2014 03:10:23 America/New_York] PHP Warning:  Maximum number of allowable file uploads has been exceeded in Unknown on line 0
[17-Nov-2014 03:12:47 America/New_York] PHP Warning:  Maximum number of allowable file uploads has been exceeded in Unknown on line 0
[17-Nov-2014 03:15:26 America/New_York] PHP Warning:  Maximum number of allowable file uploads has been exceeded in Unknown on line 0
[17-Nov-2014 03:17:56 America/New_York] PHP Warning:  Maximum number of allowable file uploads has been exceeded in Unknown on line 0
[17-Nov-2014 03:20:43 America/New_York] PHP Warning:  Maximum number of allowable file uploads has been exceeded in Unknown on line 0
[17-Nov-2014 03:23:51 America/New_York] PHP Warning:  Maximum number of allowable file uploads has been exceeded in Unknown on line 0
[17-Nov-2014 03:27:16 America/New_York] PHP Warning:  Maximum number of allowable file uploads has been exceeded in Unknown on line 0
[17-Nov-2014 03:30:23 America/New_York] PHP Warning:  Maximum number of allowable file uploads has been exceeded in Unknown on line 0
[17-Nov-2014 03:33:30 America/New_York] PHP Warning:  Maximum number of allowable file uploads has been exceeded in Unknown on line 0
[17-Nov-2014 03:36:34 America/New_York] PHP Warning:  Maximum number of allowable file uploads has been exceeded in Unknown on line 0
[17-Nov-2014 03:39:59 America/New_York] PHP Warning:  Maximum number of allowable file uploads has been exceeded in Unknown on line 0
[17-Nov-2014 03:39:59 America/New_York] PHP Warning:  Maximum number of allowable file uploads has been exceeded in Unknown on line 0
[17-Nov-2014 17:02:11 America/Santiago] PHP Parse error:  syntax error, unexpected 'if' (T_IF), expecting function (T_FUNCTION) in /var/www/html/recarga/protected/models/Encuesta.php on line 276
[17-Nov-2014 17:02:13 America/Santiago] PHP Parse error:  syntax error, unexpected 'if' (T_IF), expecting function (T_FUNCTION) in /var/www/html/recarga/protected/models/Encuesta.php on line 276
[17-Nov-2014 17:02:28 America/Santiago] PHP Parse error:  syntax error, unexpected 'if' (T_IF), expecting function (T_FUNCTION) in /var/www/html/recarga/protected/models/Encuesta.php on line 276
[17-Nov-2014 17:02:32 America/Santiago] PHP Parse error:  syntax error, unexpected 'if' (T_IF), expecting function (T_FUNCTION) in /var/www/html/recarga/protected/models/Encuesta.php on line 276
[17-Nov-2014 17:02:35 America/Santiago] PHP Parse error:  syntax error, unexpected 'if' (T_IF), expecting function (T_FUNCTION) in /var/www/html/recarga/protected/models/Encuesta.php on line 276
[17-Nov-2014 17:02:39 America/Santiago] PHP Parse error:  syntax error, unexpected 'if' (T_IF), expecting function (T_FUNCTION) in /var/www/html/recarga/protected/models/Encuesta.php on line 276
[17-Nov-2014 17:02:40 America/Santiago] PHP Parse error:  syntax error, unexpected 'if' (T_IF), expecting function (T_FUNCTION) in /var/www/html/recarga/protected/models/Encuesta.php on line 276
[17-Nov-2014 17:02:41 America/Santiago] PHP Parse error:  syntax error, unexpected 'if' (T_IF), expecting function (T_FUNCTION) in /var/www/html/recarga/protected/models/Encuesta.php on line 276
[17-Nov-2014 17:02:43 America/Santiago] PHP Parse error:  syntax error, unexpected 'if' (T_IF), expecting function (T_FUNCTION) in /var/www/html/recarga/protected/models/Encuesta.php on line 276
[17-Nov-2014 17:02:43 America/Santiago] PHP Parse error:  syntax error, unexpected 'if' (T_IF), expecting function (T_FUNCTION) in /var/www/html/recarga/protected/models/Encuesta.php on line 276
[17-Nov-2014 17:02:44 America/Santiago] PHP Parse error:  syntax error, unexpected 'if' (T_IF), expecting function (T_FUNCTION) in /var/www/html/recarga/protected/models/Encuesta.php on line 276
[17-Nov-2014 17:03:09 America/Santiago] PHP Parse error:  syntax error, unexpected 'if' (T_IF), expecting function (T_FUNCTION) in /var/www/html/recarga/protected/models/Encuesta.php on line 276
[17-Nov-2014 17:03:11 America/Santiago] PHP Parse error:  syntax error, unexpected 'if' (T_IF), expecting function (T_FUNCTION) in /var/www/html/recarga/protected/models/Encuesta.php on line 276
[17-Nov-2014 17:03:12 America/Santiago] PHP Parse error:  syntax error, unexpected 'if' (T_IF), expecting function (T_FUNCTION) in /var/www/html/recarga/protected/models/Encuesta.php on line 276
[17-Nov-2014 21:18:58 America/New_York] PHP Warning:  Maximum number of allowable file uploads has been exceeded in Unknown on line 0
[17-Nov-2014 21:18:58 America/New_York] PHP Warning:  Maximum number of allowable file uploads has been exceeded in Unknown on line 0
[18-Nov-2014 22:13:11 America/New_York] PHP Warning:  Maximum number of allowable file uploads has been exceeded in Unknown on line 0
[18-Nov-2014 22:16:28 America/New_York] PHP Warning:  Maximum number of allowable file uploads has been exceeded in Unknown on line 0
[18-Nov-2014 22:16:28 America/New_York] PHP Warning:  Maximum number of allowable file uploads has been exceeded in Unknown on line 0
[19-Nov-2014 16:49:13 America/New_York] PHP Fatal error:  Call to undefined function PMA_SQP_parse() in /usr/share/phpmyadmin/libraries/Util.class.php on line 1126
[19-Nov-2014 21:44:30 America/New_York] PHP Warning:  Maximum number of allowable file uploads has been exceeded in Unknown on line 0
[19-Nov-2014 21:46:49 America/New_York] PHP Warning:  Maximum number of allowable file uploads has been exceeded in Unknown on line 0
[19-Nov-2014 21:49:31 America/New_York] PHP Warning:  Maximum number of allowable file uploads has been exceeded in Unknown on line 0
[19-Nov-2014 21:51:47 America/New_York] PHP Warning:  Maximum number of allowable file uploads has been exceeded in Unknown on line 0
[19-Nov-2014 21:54:25 America/New_York] PHP Warning:  Maximum number of allowable file uploads has been exceeded in Unknown on line 0
[19-Nov-2014 21:57:08 America/New_York] PHP Warning:  Maximum number of allowable file uploads has been exceeded in Unknown on line 0
[19-Nov-2014 21:59:54 America/New_York] PHP Warning:  Maximum number of allowable file uploads has been exceeded in Unknown on line 0
[19-Nov-2014 22:02:14 America/New_York] PHP Warning:  Maximum number of allowable file uploads has been exceeded in Unknown on line 0
[19-Nov-2014 22:05:07 America/New_York] PHP Warning:  Maximum number of allowable file uploads has been exceeded in Unknown on line 0
[19-Nov-2014 22:08:29 America/New_York] PHP Warning:  Maximum number of allowable file uploads has been exceeded in Unknown on line 0
[19-Nov-2014 22:11:31 America/New_York] PHP Warning:  Maximum number of allowable file uploads has been exceeded in Unknown on line 0
[19-Nov-2014 22:11:31 America/New_York] PHP Warning:  Maximum number of allowable file uploads has been exceeded in Unknown on line 0
[20-Nov-2014 13:40:58 America/New_York] PHP Warning:  Maximum number of allowable file uploads has been exceeded in Unknown on line 0
[20-Nov-2014 13:40:58 America/New_York] PHP Warning:  Maximum number of allowable file uploads has been exceeded in Unknown on line 0
[20-Nov-2014 13:40:59 America/New_York] PHP Warning:  Maximum number of allowable file uploads has been exceeded in Unknown on line 0
[21-Nov-2014 13:15:28 America/New_York] PHP Warning:  Maximum number of allowable file uploads has been exceeded in Unknown on line 0
[21-Nov-2014 13:15:28 America/New_York] PHP Warning:  Maximum number of allowable file uploads has been exceeded in Unknown on line 0
[26-Nov-2014 14:03:05 America/New_York] PHP Warning:  Maximum number of allowable file uploads has been exceeded in Unknown on line 0
[26-Nov-2014 14:03:11 America/New_York] PHP Warning:  Maximum number of allowable file uploads has been exceeded in Unknown on line 0
[26-Nov-2014 14:03:16 America/New_York] PHP Warning:  Maximum number of allowable file uploads has been exceeded in Unknown on line 0
[26-Nov-2014 14:03:23 America/New_York] PHP Warning:  Maximum number of allowable file uploads has been exceeded in Unknown on line 0
[26-Nov-2014 14:03:29 America/New_York] PHP Warning:  Maximum number of allowable file uploads has been exceeded in Unknown on line 0
[26-Nov-2014 14:03:37 America/New_York] PHP Warning:  Maximum number of allowable file uploads has been exceeded in Unknown on line 0
[26-Nov-2014 14:03:44 America/New_York] PHP Warning:  Maximum number of allowable file uploads has been exceeded in Unknown on line 0
[26-Nov-2014 14:03:52 America/New_York] PHP Warning:  Maximum number of allowable file uploads has been exceeded in Unknown on line 0
[26-Nov-2014 14:03:52 America/New_York] PHP Warning:  Maximum number of allowable file uploads has been exceeded in Unknown on line 0
[26-Nov-2014 14:21:27 America/New_York] PHP Warning:  Maximum number of allowable file uploads has been exceeded in Unknown on line 0
[26-Nov-2014 14:21:34 America/New_York] PHP Warning:  Maximum number of allowable file uploads has been exceeded in Unknown on line 0
[26-Nov-2014 14:21:43 America/New_York] PHP Warning:  Maximum number of allowable file uploads has been exceeded in Unknown on line 0
[26-Nov-2014 14:21:51 America/New_York] PHP Warning:  Maximum number of allowable file uploads has been exceeded in Unknown on line 0
[26-Nov-2014 14:21:51 America/New_York] PHP Warning:  Maximum number of allowable file uploads has been exceeded in Unknown on line 0
[27-Nov-2014 09:42:20 America/New_York] PHP Warning:  Maximum number of allowable file uploads has been exceeded in Unknown on line 0
[27-Nov-2014 09:42:20 America/New_York] PHP Warning:  Maximum number of allowable file uploads has been exceeded in Unknown on line 0
[27-Nov-2014 09:42:20 America/New_York] PHP Warning:  Maximum number of allowable file uploads has been exceeded in Unknown on line 0
[27-Nov-2014 09:42:20 America/New_York] PHP Warning:  Maximum number of allowable file uploads has been exceeded in Unknown on line 0
[27-Nov-2014 09:42:20 America/New_York] PHP Warning:  Maximum number of allowable file uploads has been exceeded in Unknown on line 0
[27-Nov-2014 09:42:20 America/New_York] PHP Warning:  Maximum number of allowable file uploads has been exceeded in Unknown on line 0
[27-Nov-2014 09:42:20 America/New_York] PHP Warning:  Maximum number of allowable file uploads has been exceeded in Unknown on line 0
[27-Nov-2014 09:42:20 America/New_York] PHP Warning:  Maximum number of allowable file uploads has been exceeded in Unknown on line 0
[27-Nov-2014 09:42:20 America/New_York] PHP Warning:  Maximum number of allowable file uploads has been exceeded in Unknown on line 0
[27-Nov-2014 09:42:20 America/New_York] PHP Warning:  Maximum number of allowable file uploads has been exceeded in Unknown on line 0
[27-Nov-2014 09:42:20 America/New_York] PHP Warning:  Maximum number of allowable file uploads has been exceeded in Unknown on line 0
[27-Nov-2014 09:42:20 America/New_York] PHP Warning:  Maximum number of allowable file uploads has been exceeded in Unknown on line 0
[27-Nov-2014 09:42:20 America/New_York] PHP Warning:  Maximum number of allowable file uploads has been exceeded in Unknown on line 0
[27-Nov-2014 09:42:20 America/New_York] PHP Warning:  Maximum number of allowable file uploads has been exceeded in Unknown on line 0
[27-Nov-2014 09:42:20 America/New_York] PHP Warning:  Maximum number of allowable file uploads has been exceeded in Unknown on line 0
[27-Nov-2014 09:42:20 America/New_York] PHP Warning:  Maximum number of allowable file uploads has been exceeded in Unknown on line 0
[27-Nov-2014 09:42:20 America/New_York] PHP Warning:  Maximum number of allowable file uploads has been exceeded in Unknown on line 0
[27-Nov-2014 09:42:20 America/New_York] PHP Warning:  Maximum number of allowable file uploads has been exceeded in Unknown on line 0
[27-Nov-2014 09:42:20 America/New_York] PHP Warning:  Maximum number of allowable file uploads has been exceeded in Unknown on line 0
[27-Nov-2014 09:42:20 America/New_York] PHP Warning:  Maximum number of allowable file uploads has been exceeded in Unknown on line 0
[27-Nov-2014 09:42:20 America/New_York] PHP Warning:  Maximum number of allowable file uploads has been exceeded in Unknown on line 0
[27-Nov-2014 09:42:20 America/New_York] PHP Warning:  Maximum number of allowable file uploads has been exceeded in Unknown on line 0
[27-Nov-2014 09:42:20 America/New_York] PHP Warning:  Maximum number of allowable file uploads has been exceeded in Unknown on line 0
[27-Nov-2014 09:42:20 America/New_York] PHP Warning:  Maximum number of allowable file uploads has been exceeded in Unknown on line 0
[27-Nov-2014 09:42:20 America/New_York] PHP Warning:  Maximum number of allowable file uploads has been exceeded in Unknown on line 0
[27-Nov-2014 14:13:54 America/New_York] PHP Warning:  Maximum number of allowable file uploads has been exceeded in Unknown on line 0
[27-Nov-2014 14:13:54 America/New_York] PHP Warning:  Maximum number of allowable file uploads has been exceeded in Unknown on line 0
[27-Nov-2014 14:13:54 America/New_York] PHP Warning:  Maximum number of allowable file uploads has been exceeded in Unknown on line 0
[27-Nov-2014 14:13:54 America/New_York] PHP Warning:  Maximum number of allowable file uploads has been exceeded in Unknown on line 0
[27-Nov-2014 14:13:54 America/New_York] PHP Warning:  Maximum number of allowable file uploads has been exceeded in Unknown on line 0
[27-Nov-2014 14:13:54 America/New_York] PHP Warning:  Maximum number of allowable file uploads has been exceeded in Unknown on line 0
[27-Nov-2014 14:13:54 America/New_York] PHP Warning:  Maximum number of allowable file uploads has been exceeded in Unknown on line 0
[27-Nov-2014 14:13:54 America/New_York] PHP Warning:  Maximum number of allowable file uploads has been exceeded in Unknown on line 0
[27-Nov-2014 14:13:54 America/New_York] PHP Warning:  Maximum number of allowable file uploads has been exceeded in Unknown on line 0
[27-Nov-2014 14:13:54 America/New_York] PHP Warning:  Maximum number of allowable file uploads has been exceeded in Unknown on line 0
[27-Nov-2014 14:13:54 America/New_York] PHP Warning:  Maximum number of allowable file uploads has been exceeded in Unknown on line 0
[27-Nov-2014 14:13:54 America/New_York] PHP Warning:  Maximum number of allowable file uploads has been exceeded in Unknown on line 0
[27-Nov-2014 14:13:54 America/New_York] PHP Warning:  Maximum number of allowable file uploads has been exceeded in Unknown on line 0
[27-Nov-2014 14:13:54 America/New_York] PHP Warning:  Maximum number of allowable file uploads has been exceeded in Unknown on line 0
[27-Nov-2014 14:13:54 America/New_York] PHP Warning:  Maximum number of allowable file uploads has been exceeded in Unknown on line 0
[27-Nov-2014 14:13:54 America/New_York] PHP Warning:  Maximum number of allowable file uploads has been exceeded in Unknown on line 0
[27-Nov-2014 14:13:54 America/New_York] PHP Warning:  Maximum number of allowable file uploads has been exceeded in Unknown on line 0
[27-Nov-2014 14:13:54 America/New_York] PHP Warning:  Maximum number of allowable file uploads has been exceeded in Unknown on line 0
[27-Nov-2014 14:13:54 America/New_York] PHP Warning:  Maximum number of allowable file uploads has been exceeded in Unknown on line 0
[27-Nov-2014 14:13:54 America/New_York] PHP Warning:  Maximum number of allowable file uploads has been exceeded in Unknown on line 0
[27-Nov-2014 14:13:54 America/New_York] PHP Warning:  Maximum number of allowable file uploads has been exceeded in Unknown on line 0
[27-Nov-2014 14:13:54 America/New_York] PHP Warning:  Maximum number of allowable file uploads has been exceeded in Unknown on line 0
[27-Nov-2014 14:13:54 America/New_York] PHP Warning:  Maximum number of allowable file uploads has been exceeded in Unknown on line 0
[27-Nov-2014 14:13:54 America/New_York] PHP Warning:  Maximum number of allowable file uploads has been exceeded in Unknown on line 0
[27-Nov-2014 14:13:54 America/New_York] PHP Warning:  Maximum number of allowable file uploads has been exceeded in Unknown on line 0
[27-Nov-2014 14:13:54 America/New_York] PHP Warning:  Maximum number of allowable file uploads has been exceeded in Unknown on line 0
