2015/02/06 16:01:52 [trace] [system.CModule] Loading "log" application component
in /Applications/MAMP/htdocs/cirigliano/index.php (12)
2015/02/06 16:01:52 [trace] [system.CModule] Loading "bootstrap" application component
in /Applications/MAMP/htdocs/cirigliano/index.php (12)
2015/02/06 16:01:52 [trace] [system.CModule] Loading "request" application component
in /Applications/MAMP/htdocs/cirigliano/index.php (12)
2015/02/06 16:01:52 [trace] [system.CModule] Loading "urlManager" application component
in /Applications/MAMP/htdocs/cirigliano/index.php (12)
2015/02/06 16:01:52 [trace] [system.web.filters.CFilterChain] Running filter AuthFilter.filter()
in /Applications/MAMP/htdocs/cirigliano/index.php (12)
2015/02/06 16:01:52 [trace] [system.CModule] Loading "user" application component
in /Applications/MAMP/htdocs/cirigliano/protected/modules/auth/filters/AuthFilter.php (33)
in /Applications/MAMP/htdocs/cirigliano/index.php (12)
2015/02/06 16:01:52 [trace] [system.CModule] Loading "session" application component
in /Applications/MAMP/htdocs/cirigliano/protected/modules/auth/components/AuthWebUser.php (27)
in /Applications/MAMP/htdocs/cirigliano/protected/modules/auth/filters/AuthFilter.php (33)
in /Applications/MAMP/htdocs/cirigliano/index.php (12)
2015/02/06 16:01:52 [trace] [system.CModule] Loading "db" application component
in /Applications/MAMP/htdocs/cirigliano/protected/controllers/PuntoController.php (151)
in /Applications/MAMP/htdocs/cirigliano/index.php (12)
2015/02/06 16:01:52 [trace] [system.db.CDbConnection] Opening DB connection
in /Applications/MAMP/htdocs/cirigliano/protected/controllers/PuntoController.php (151)
in /Applications/MAMP/htdocs/cirigliano/index.php (12)
2015/02/06 16:01:52 [trace] [system.db.CDbCommand] Querying SQL: SHOW FULL COLUMNS FROM `punto`
in /Applications/MAMP/htdocs/cirigliano/protected/controllers/PuntoController.php (151)
in /Applications/MAMP/htdocs/cirigliano/index.php (12)
2015/02/06 16:01:52 [trace] [system.db.CDbCommand] Querying SQL: SHOW CREATE TABLE `punto`
in /Applications/MAMP/htdocs/cirigliano/protected/controllers/PuntoController.php (151)
in /Applications/MAMP/htdocs/cirigliano/index.php (12)
2015/02/06 16:01:52 [trace] [system.CModule] Loading "messages" application component
in /Applications/MAMP/htdocs/cirigliano/protected/views/punto/admin.php (7)
in /Applications/MAMP/htdocs/cirigliano/protected/controllers/PuntoController.php (163)
in /Applications/MAMP/htdocs/cirigliano/index.php (12)
2015/02/06 16:01:52 [trace] [system.CModule] Loading "clientScript" application component
in /Applications/MAMP/htdocs/cirigliano/protected/views/punto/admin.php (15)
in /Applications/MAMP/htdocs/cirigliano/protected/controllers/PuntoController.php (163)
in /Applications/MAMP/htdocs/cirigliano/index.php (12)
2015/02/06 16:01:52 [trace] [system.db.ar.CActiveRecord] Region.findAll()
in /Applications/MAMP/htdocs/cirigliano/protected/views/punto/admin.php (46)
in /Applications/MAMP/htdocs/cirigliano/protected/controllers/PuntoController.php (163)
in /Applications/MAMP/htdocs/cirigliano/index.php (12)
2015/02/06 16:01:52 [trace] [system.db.CDbCommand] Querying SQL: SHOW FULL COLUMNS FROM `region`
in /Applications/MAMP/htdocs/cirigliano/protected/views/punto/admin.php (46)
in /Applications/MAMP/htdocs/cirigliano/protected/controllers/PuntoController.php (163)
in /Applications/MAMP/htdocs/cirigliano/index.php (12)
2015/02/06 16:01:52 [trace] [system.db.CDbCommand] Querying SQL: SHOW CREATE TABLE `region`
in /Applications/MAMP/htdocs/cirigliano/protected/views/punto/admin.php (46)
in /Applications/MAMP/htdocs/cirigliano/protected/controllers/PuntoController.php (163)
in /Applications/MAMP/htdocs/cirigliano/index.php (12)
2015/02/06 16:01:52 [trace] [system.db.CDbCommand] Querying SQL: SELECT * FROM `region` `t` ORDER BY orden
in /Applications/MAMP/htdocs/cirigliano/protected/views/punto/admin.php (46)
in /Applications/MAMP/htdocs/cirigliano/protected/controllers/PuntoController.php (163)
in /Applications/MAMP/htdocs/cirigliano/index.php (12)
2015/02/06 16:01:52 [trace] [system.db.ar.CActiveRecord] Comuna.findAll()
in /Applications/MAMP/htdocs/cirigliano/protected/views/punto/admin.php (54)
in /Applications/MAMP/htdocs/cirigliano/protected/controllers/PuntoController.php (163)
in /Applications/MAMP/htdocs/cirigliano/index.php (12)
2015/02/06 16:01:52 [trace] [system.db.CDbCommand] Querying SQL: SHOW FULL COLUMNS FROM `comuna`
in /Applications/MAMP/htdocs/cirigliano/protected/views/punto/admin.php (54)
in /Applications/MAMP/htdocs/cirigliano/protected/controllers/PuntoController.php (163)
in /Applications/MAMP/htdocs/cirigliano/index.php (12)
2015/02/06 16:01:52 [trace] [system.db.CDbCommand] Querying SQL: SHOW CREATE TABLE `comuna`
in /Applications/MAMP/htdocs/cirigliano/protected/views/punto/admin.php (54)
in /Applications/MAMP/htdocs/cirigliano/protected/controllers/PuntoController.php (163)
in /Applications/MAMP/htdocs/cirigliano/index.php (12)
2015/02/06 16:01:52 [trace] [system.db.CDbCommand] Querying SQL: SELECT * FROM `comuna` `t` ORDER BY nombre
in /Applications/MAMP/htdocs/cirigliano/protected/views/punto/admin.php (54)
in /Applications/MAMP/htdocs/cirigliano/protected/controllers/PuntoController.php (163)
in /Applications/MAMP/htdocs/cirigliano/index.php (12)
2015/02/06 16:01:52 [trace] [system.CModule] Loading "widgetFactory" application component
in /Applications/MAMP/htdocs/cirigliano/protected/views/punto/admin.php (60)
in /Applications/MAMP/htdocs/cirigliano/protected/controllers/PuntoController.php (163)
in /Applications/MAMP/htdocs/cirigliano/index.php (12)
2015/02/06 16:01:52 [trace] [system.CModule] Loading "yiiwheels" application component
in /Applications/MAMP/htdocs/cirigliano/protected/extensions/yiiwheels/behaviors/WhPlugin.php (55)
in /Applications/MAMP/htdocs/cirigliano/protected/extensions/yiiwheels/behaviors/WhPlugin.php (43)
in /Applications/MAMP/htdocs/cirigliano/protected/extensions/yiiwheels/behaviors/WhPlugin.php (29)
2015/02/06 16:01:52 [trace] [system.CModule] Loading "assetManager" application component
in /Applications/MAMP/htdocs/cirigliano/protected/extensions/yiiwheels/behaviors/WhPlugin.php (31)
in /Applications/MAMP/htdocs/cirigliano/protected/extensions/yiiwheels/widgets/select2/WhSelect2.php (92)
in /Applications/MAMP/htdocs/cirigliano/protected/extensions/yiiwheels/widgets/select2/WhSelect2.php (92)
2015/02/06 16:01:52 [trace] [system.db.ar.CActiveRecord] Canal.findAll()
in /Applications/MAMP/htdocs/cirigliano/protected/views/punto/admin.php (65)
in /Applications/MAMP/htdocs/cirigliano/protected/controllers/PuntoController.php (163)
in /Applications/MAMP/htdocs/cirigliano/index.php (12)
2015/02/06 16:01:52 [trace] [system.db.CDbCommand] Querying SQL: SHOW FULL COLUMNS FROM `canal`
in /Applications/MAMP/htdocs/cirigliano/protected/views/punto/admin.php (65)
in /Applications/MAMP/htdocs/cirigliano/protected/controllers/PuntoController.php (163)
in /Applications/MAMP/htdocs/cirigliano/index.php (12)
2015/02/06 16:01:52 [trace] [system.db.CDbCommand] Querying SQL: SHOW CREATE TABLE `canal`
in /Applications/MAMP/htdocs/cirigliano/protected/views/punto/admin.php (65)
in /Applications/MAMP/htdocs/cirigliano/protected/controllers/PuntoController.php (163)
in /Applications/MAMP/htdocs/cirigliano/index.php (12)
2015/02/06 16:01:52 [trace] [system.db.CDbCommand] Querying SQL: SELECT * FROM `canal` `t`
in /Applications/MAMP/htdocs/cirigliano/protected/views/punto/admin.php (65)
in /Applications/MAMP/htdocs/cirigliano/protected/controllers/PuntoController.php (163)
in /Applications/MAMP/htdocs/cirigliano/index.php (12)
2015/02/06 16:01:52 [trace] [system.db.ar.CActiveRecord] Distribuidor.findAll()
in /Applications/MAMP/htdocs/cirigliano/protected/views/punto/admin.php (73)
in /Applications/MAMP/htdocs/cirigliano/protected/controllers/PuntoController.php (163)
in /Applications/MAMP/htdocs/cirigliano/index.php (12)
2015/02/06 16:01:52 [trace] [system.db.CDbCommand] Querying SQL: SHOW FULL COLUMNS FROM `distribuidor`
in /Applications/MAMP/htdocs/cirigliano/protected/views/punto/admin.php (73)
in /Applications/MAMP/htdocs/cirigliano/protected/controllers/PuntoController.php (163)
in /Applications/MAMP/htdocs/cirigliano/index.php (12)
2015/02/06 16:01:52 [trace] [system.db.CDbCommand] Querying SQL: SHOW CREATE TABLE `distribuidor`
in /Applications/MAMP/htdocs/cirigliano/protected/views/punto/admin.php (73)
in /Applications/MAMP/htdocs/cirigliano/protected/controllers/PuntoController.php (163)
in /Applications/MAMP/htdocs/cirigliano/index.php (12)
2015/02/06 16:01:52 [trace] [system.db.CDbCommand] Querying SQL: SELECT * FROM `distribuidor` `t` ORDER BY nombre
in /Applications/MAMP/htdocs/cirigliano/protected/views/punto/admin.php (73)
in /Applications/MAMP/htdocs/cirigliano/protected/controllers/PuntoController.php (163)
in /Applications/MAMP/htdocs/cirigliano/index.php (12)
2015/02/06 16:01:52 [trace] [system.db.ar.CActiveRecord] Punto.count()
in /Applications/MAMP/htdocs/cirigliano/protected/extensions/bootstrap/widgets/TbGridView.php (48)
in /Applications/MAMP/htdocs/cirigliano/protected/views/punto/admin.php (94)
in /Applications/MAMP/htdocs/cirigliano/protected/controllers/PuntoController.php (163)
2015/02/06 16:01:52 [trace] [system.db.CDbCommand] Querying SQL: SELECT COUNT(*) FROM `punto` `t`
in /Applications/MAMP/htdocs/cirigliano/protected/extensions/bootstrap/widgets/TbGridView.php (48)
in /Applications/MAMP/htdocs/cirigliano/protected/views/punto/admin.php (94)
in /Applications/MAMP/htdocs/cirigliano/protected/controllers/PuntoController.php (163)
2015/02/06 16:01:52 [trace] [system.db.ar.CActiveRecord] Punto.findAll()
in /Applications/MAMP/htdocs/cirigliano/protected/extensions/bootstrap/widgets/TbGridView.php (48)
in /Applications/MAMP/htdocs/cirigliano/protected/views/punto/admin.php (94)
in /Applications/MAMP/htdocs/cirigliano/protected/controllers/PuntoController.php (163)
2015/02/06 16:01:52 [trace] [system.db.CDbCommand] Querying SQL: SELECT * FROM `punto` `t` LIMIT 10
in /Applications/MAMP/htdocs/cirigliano/protected/extensions/bootstrap/widgets/TbGridView.php (48)
in /Applications/MAMP/htdocs/cirigliano/protected/views/punto/admin.php (94)
in /Applications/MAMP/htdocs/cirigliano/protected/controllers/PuntoController.php (163)
2015/02/06 16:01:52 [trace] [system.CModule] Loading "coreMessages" application component
in /Applications/MAMP/htdocs/cirigliano/protected/extensions/bootstrap/widgets/TbButtonColumn.php (36)
in /Applications/MAMP/htdocs/cirigliano/protected/extensions/bootstrap/widgets/TbGridView.php (79)
in /Applications/MAMP/htdocs/cirigliano/protected/extensions/bootstrap/widgets/TbGridView.php (48)
2015/02/06 16:01:52 [error] [exception.CException] exception 'CException' with message 'La propiedad "Punto"."punto_codigo" no se encuentra definida.' in /Applications/MAMP/htdocs/yii/framework/base/CComponent.php:130
Stack trace:
#0 /Applications/MAMP/htdocs/yii/framework/db/ar/CActiveRecord.php(145): CComponent->__get('punto_codigo')
#1 /Applications/MAMP/htdocs/yii/framework/web/helpers/CHtml.php(2529): CActiveRecord->__get('punto_codigo')
#2 /Applications/MAMP/htdocs/yii/framework/web/helpers/CHtml.php(2252): CHtml::resolveValue(Object(Punto), 'punto_codigo')
#3 /Applications/MAMP/htdocs/yii/framework/web/helpers/CHtml.php(1434): CHtml::activeInputField('text', Object(Punto), 'punto_codigo', Array)
#4 /Applications/MAMP/htdocs/cirigliano/protected/extensions/bootstrap/widgets/TbDataColumn.php(95): CHtml::activeTextField(Object(Punto), 'punto_codigo', Array)
#5 /Applications/MAMP/htdocs/cirigliano/protected/extensions/bootstrap/widgets/TbDataColumn.php(59): TbDataColumn->renderFilterCellContent()
#6 /Applications/MAMP/htdocs/yii/framework/zii/widgets/grid/CGridView.php(532): TbDataColumn->renderFilterCell()
#7 /Applications/MAMP/htdocs/yii/framework/zii/widgets/grid/CGridView.php(510): CGridView->renderFilter()
#8 /Applications/MAMP/htdocs/yii/framework/zii/widgets/grid/CGridView.php(480): CGridView->renderTableHeader()
#9 /Applications/MAMP/htdocs/yii/framework/zii/widgets/CBaseListView.php(167): CGridView->renderItems()
#10 [internal function]: CBaseListView->renderSection(Array)
#11 /Applications/MAMP/htdocs/yii/framework/zii/widgets/CBaseListView.php(150): preg_replace_callback('/{(\w+)}/', Array, '{items}?<div cl...')
#12 /Applications/MAMP/htdocs/yii/framework/zii/widgets/CBaseListView.php(135): CBaseListView->renderContent()
#13 /Applications/MAMP/htdocs/yii/framework/web/CBaseController.php(173): CBaseListView->run()
#14 /Applications/MAMP/htdocs/cirigliano/protected/views/punto/admin.php(94): CBaseController->widget('bootstrap.widge...', Array)
#15 /Applications/MAMP/htdocs/yii/framework/web/CBaseController.php(126): require('/Applications/M...')
#16 /Applications/MAMP/htdocs/yii/framework/web/CBaseController.php(95): CBaseController->renderInternal('/Applications/M...', Array, true)
#17 /Applications/MAMP/htdocs/yii/framework/web/CController.php(869): CBaseController->renderFile('/Applications/M...', Array, true)
#18 /Applications/MAMP/htdocs/yii/framework/web/CController.php(782): CController->renderPartial('admin', Array, true)
#19 /Applications/MAMP/htdocs/cirigliano/protected/controllers/PuntoController.php(163): CController->render('admin', Array)
#20 /Applications/MAMP/htdocs/yii/framework/web/actions/CInlineAction.php(49): PuntoController->actionAdmin()
#21 /Applications/MAMP/htdocs/yii/framework/web/CController.php(308): CInlineAction->runWithParams(Array)
#22 /Applications/MAMP/htdocs/yii/framework/web/filters/CFilterChain.php(133): CController->runAction(Object(CInlineAction))
#23 /Applications/MAMP/htdocs/yii/framework/web/filters/CFilter.php(40): CFilterChain->run()
#24 /Applications/MAMP/htdocs/yii/framework/web/filters/CFilterChain.php(130): CFilter->filter(Object(CFilterChain))
#25 /Applications/MAMP/htdocs/yii/framework/web/CController.php(291): CFilterChain->run()
#26 /Applications/MAMP/htdocs/yii/framework/web/CController.php(265): CController->runActionWithFilters(Object(CInlineAction), Array)
#27 /Applications/MAMP/htdocs/yii/framework/web/CWebApplication.php(282): CController->run('admin')
#28 /Applications/MAMP/htdocs/yii/framework/web/CWebApplication.php(141): CWebApplication->runController('Punto/admin')
#29 /Applications/MAMP/htdocs/yii/framework/base/CApplication.php(180): CWebApplication->processRequest()
#30 /Applications/MAMP/htdocs/cirigliano/index.php(12): CApplication->run()
#31 {main}
REQUEST_URI=/cirigliano/Punto/admin
HTTP_REFERER=http://localhost:8888/cirigliano/Visita/indexTipo/1
---
2015/02/06 16:01:52 [trace] [system.CModule] Loading "errorHandler" application component
2015/02/06 16:02:09 [trace] [system.CModule] Loading "log" application component
in /Applications/MAMP/htdocs/cirigliano/index.php (12)
2015/02/06 16:02:09 [trace] [system.CModule] Loading "bootstrap" application component
in /Applications/MAMP/htdocs/cirigliano/index.php (12)
2015/02/06 16:02:09 [trace] [system.CModule] Loading "request" application component
in /Applications/MAMP/htdocs/cirigliano/index.php (12)
2015/02/06 16:02:09 [trace] [system.CModule] Loading "urlManager" application component
in /Applications/MAMP/htdocs/cirigliano/index.php (12)
2015/02/06 16:02:09 [trace] [system.web.filters.CFilterChain] Running filter AuthFilter.filter()
in /Applications/MAMP/htdocs/cirigliano/index.php (12)
2015/02/06 16:02:09 [trace] [system.CModule] Loading "user" application component
in /Applications/MAMP/htdocs/cirigliano/protected/modules/auth/filters/AuthFilter.php (33)
in /Applications/MAMP/htdocs/cirigliano/index.php (12)
2015/02/06 16:02:09 [trace] [system.CModule] Loading "session" application component
in /Applications/MAMP/htdocs/cirigliano/protected/modules/auth/components/AuthWebUser.php (27)
in /Applications/MAMP/htdocs/cirigliano/protected/modules/auth/filters/AuthFilter.php (33)
in /Applications/MAMP/htdocs/cirigliano/index.php (12)
2015/02/06 16:02:09 [trace] [system.CModule] Loading "db" application component
in /Applications/MAMP/htdocs/cirigliano/protected/controllers/PuntoController.php (151)
in /Applications/MAMP/htdocs/cirigliano/index.php (12)
2015/02/06 16:02:09 [trace] [system.db.CDbConnection] Opening DB connection
in /Applications/MAMP/htdocs/cirigliano/protected/controllers/PuntoController.php (151)
in /Applications/MAMP/htdocs/cirigliano/index.php (12)
2015/02/06 16:02:09 [trace] [system.db.CDbCommand] Querying SQL: SHOW FULL COLUMNS FROM `punto`
in /Applications/MAMP/htdocs/cirigliano/protected/controllers/PuntoController.php (151)
in /Applications/MAMP/htdocs/cirigliano/index.php (12)
2015/02/06 16:02:09 [trace] [system.db.CDbCommand] Querying SQL: SHOW CREATE TABLE `punto`
in /Applications/MAMP/htdocs/cirigliano/protected/controllers/PuntoController.php (151)
in /Applications/MAMP/htdocs/cirigliano/index.php (12)
2015/02/06 16:02:09 [trace] [system.CModule] Loading "messages" application component
in /Applications/MAMP/htdocs/cirigliano/protected/views/punto/admin.php (7)
in /Applications/MAMP/htdocs/cirigliano/protected/controllers/PuntoController.php (163)
in /Applications/MAMP/htdocs/cirigliano/index.php (12)
2015/02/06 16:02:09 [trace] [system.CModule] Loading "clientScript" application component
in /Applications/MAMP/htdocs/cirigliano/protected/views/punto/admin.php (15)
in /Applications/MAMP/htdocs/cirigliano/protected/controllers/PuntoController.php (163)
in /Applications/MAMP/htdocs/cirigliano/index.php (12)
2015/02/06 16:02:09 [trace] [system.db.ar.CActiveRecord] Region.findAll()
in /Applications/MAMP/htdocs/cirigliano/protected/views/punto/admin.php (46)
in /Applications/MAMP/htdocs/cirigliano/protected/controllers/PuntoController.php (163)
in /Applications/MAMP/htdocs/cirigliano/index.php (12)
2015/02/06 16:02:09 [trace] [system.db.CDbCommand] Querying SQL: SHOW FULL COLUMNS FROM `region`
in /Applications/MAMP/htdocs/cirigliano/protected/views/punto/admin.php (46)
in /Applications/MAMP/htdocs/cirigliano/protected/controllers/PuntoController.php (163)
in /Applications/MAMP/htdocs/cirigliano/index.php (12)
2015/02/06 16:02:09 [trace] [system.db.CDbCommand] Querying SQL: SHOW CREATE TABLE `region`
in /Applications/MAMP/htdocs/cirigliano/protected/views/punto/admin.php (46)
in /Applications/MAMP/htdocs/cirigliano/protected/controllers/PuntoController.php (163)
in /Applications/MAMP/htdocs/cirigliano/index.php (12)
2015/02/06 16:02:09 [trace] [system.db.CDbCommand] Querying SQL: SELECT * FROM `region` `t` ORDER BY orden
in /Applications/MAMP/htdocs/cirigliano/protected/views/punto/admin.php (46)
in /Applications/MAMP/htdocs/cirigliano/protected/controllers/PuntoController.php (163)
in /Applications/MAMP/htdocs/cirigliano/index.php (12)
2015/02/06 16:02:09 [trace] [system.db.ar.CActiveRecord] Comuna.findAll()
in /Applications/MAMP/htdocs/cirigliano/protected/views/punto/admin.php (54)
in /Applications/MAMP/htdocs/cirigliano/protected/controllers/PuntoController.php (163)
in /Applications/MAMP/htdocs/cirigliano/index.php (12)
2015/02/06 16:02:09 [trace] [system.db.CDbCommand] Querying SQL: SHOW FULL COLUMNS FROM `comuna`
in /Applications/MAMP/htdocs/cirigliano/protected/views/punto/admin.php (54)
in /Applications/MAMP/htdocs/cirigliano/protected/controllers/PuntoController.php (163)
in /Applications/MAMP/htdocs/cirigliano/index.php (12)
2015/02/06 16:02:09 [trace] [system.db.CDbCommand] Querying SQL: SHOW CREATE TABLE `comuna`
in /Applications/MAMP/htdocs/cirigliano/protected/views/punto/admin.php (54)
in /Applications/MAMP/htdocs/cirigliano/protected/controllers/PuntoController.php (163)
in /Applications/MAMP/htdocs/cirigliano/index.php (12)
2015/02/06 16:02:09 [trace] [system.db.CDbCommand] Querying SQL: SELECT * FROM `comuna` `t` ORDER BY nombre
in /Applications/MAMP/htdocs/cirigliano/protected/views/punto/admin.php (54)
in /Applications/MAMP/htdocs/cirigliano/protected/controllers/PuntoController.php (163)
in /Applications/MAMP/htdocs/cirigliano/index.php (12)
2015/02/06 16:02:10 [trace] [system.CModule] Loading "widgetFactory" application component
in /Applications/MAMP/htdocs/cirigliano/protected/views/punto/admin.php (60)
in /Applications/MAMP/htdocs/cirigliano/protected/controllers/PuntoController.php (163)
in /Applications/MAMP/htdocs/cirigliano/index.php (12)
2015/02/06 16:02:10 [trace] [system.CModule] Loading "yiiwheels" application component
in /Applications/MAMP/htdocs/cirigliano/protected/extensions/yiiwheels/behaviors/WhPlugin.php (55)
in /Applications/MAMP/htdocs/cirigliano/protected/extensions/yiiwheels/behaviors/WhPlugin.php (43)
in /Applications/MAMP/htdocs/cirigliano/protected/extensions/yiiwheels/behaviors/WhPlugin.php (29)
2015/02/06 16:02:10 [trace] [system.CModule] Loading "assetManager" application component
in /Applications/MAMP/htdocs/cirigliano/protected/extensions/yiiwheels/behaviors/WhPlugin.php (31)
in /Applications/MAMP/htdocs/cirigliano/protected/extensions/yiiwheels/widgets/select2/WhSelect2.php (92)
in /Applications/MAMP/htdocs/cirigliano/protected/extensions/yiiwheels/widgets/select2/WhSelect2.php (92)
2015/02/06 16:02:10 [trace] [system.db.ar.CActiveRecord] Canal.findAll()
in /Applications/MAMP/htdocs/cirigliano/protected/views/punto/admin.php (65)
in /Applications/MAMP/htdocs/cirigliano/protected/controllers/PuntoController.php (163)
in /Applications/MAMP/htdocs/cirigliano/index.php (12)
2015/02/06 16:02:10 [trace] [system.db.CDbCommand] Querying SQL: SHOW FULL COLUMNS FROM `canal`
in /Applications/MAMP/htdocs/cirigliano/protected/views/punto/admin.php (65)
in /Applications/MAMP/htdocs/cirigliano/protected/controllers/PuntoController.php (163)
in /Applications/MAMP/htdocs/cirigliano/index.php (12)
2015/02/06 16:02:10 [trace] [system.db.CDbCommand] Querying SQL: SHOW CREATE TABLE `canal`
in /Applications/MAMP/htdocs/cirigliano/protected/views/punto/admin.php (65)
in /Applications/MAMP/htdocs/cirigliano/protected/controllers/PuntoController.php (163)
in /Applications/MAMP/htdocs/cirigliano/index.php (12)
2015/02/06 16:02:10 [trace] [system.db.CDbCommand] Querying SQL: SELECT * FROM `canal` `t`
in /Applications/MAMP/htdocs/cirigliano/protected/views/punto/admin.php (65)
in /Applications/MAMP/htdocs/cirigliano/protected/controllers/PuntoController.php (163)
in /Applications/MAMP/htdocs/cirigliano/index.php (12)
2015/02/06 16:02:10 [trace] [system.db.ar.CActiveRecord] Distribuidor.findAll()
in /Applications/MAMP/htdocs/cirigliano/protected/views/punto/admin.php (73)
in /Applications/MAMP/htdocs/cirigliano/protected/controllers/PuntoController.php (163)
in /Applications/MAMP/htdocs/cirigliano/index.php (12)
2015/02/06 16:02:10 [trace] [system.db.CDbCommand] Querying SQL: SHOW FULL COLUMNS FROM `distribuidor`
in /Applications/MAMP/htdocs/cirigliano/protected/views/punto/admin.php (73)
in /Applications/MAMP/htdocs/cirigliano/protected/controllers/PuntoController.php (163)
in /Applications/MAMP/htdocs/cirigliano/index.php (12)
2015/02/06 16:02:10 [trace] [system.db.CDbCommand] Querying SQL: SHOW CREATE TABLE `distribuidor`
in /Applications/MAMP/htdocs/cirigliano/protected/views/punto/admin.php (73)
in /Applications/MAMP/htdocs/cirigliano/protected/controllers/PuntoController.php (163)
in /Applications/MAMP/htdocs/cirigliano/index.php (12)
2015/02/06 16:02:10 [trace] [system.db.CDbCommand] Querying SQL: SELECT * FROM `distribuidor` `t` ORDER BY nombre
in /Applications/MAMP/htdocs/cirigliano/protected/views/punto/admin.php (73)
in /Applications/MAMP/htdocs/cirigliano/protected/controllers/PuntoController.php (163)
in /Applications/MAMP/htdocs/cirigliano/index.php (12)
2015/02/06 16:02:10 [trace] [system.db.ar.CActiveRecord] Punto.count()
in /Applications/MAMP/htdocs/cirigliano/protected/extensions/bootstrap/widgets/TbGridView.php (48)
in /Applications/MAMP/htdocs/cirigliano/protected/views/punto/admin.php (94)
in /Applications/MAMP/htdocs/cirigliano/protected/controllers/PuntoController.php (163)
2015/02/06 16:02:10 [trace] [system.db.CDbCommand] Querying SQL: SELECT COUNT(*) FROM `punto` `t`
in /Applications/MAMP/htdocs/cirigliano/protected/extensions/bootstrap/widgets/TbGridView.php (48)
in /Applications/MAMP/htdocs/cirigliano/protected/views/punto/admin.php (94)
in /Applications/MAMP/htdocs/cirigliano/protected/controllers/PuntoController.php (163)
2015/02/06 16:02:10 [trace] [system.db.ar.CActiveRecord] Punto.findAll()
in /Applications/MAMP/htdocs/cirigliano/protected/extensions/bootstrap/widgets/TbGridView.php (48)
in /Applications/MAMP/htdocs/cirigliano/protected/views/punto/admin.php (94)
in /Applications/MAMP/htdocs/cirigliano/protected/controllers/PuntoController.php (163)
2015/02/06 16:02:10 [trace] [system.db.CDbCommand] Querying SQL: SELECT * FROM `punto` `t` LIMIT 10
in /Applications/MAMP/htdocs/cirigliano/protected/extensions/bootstrap/widgets/TbGridView.php (48)
in /Applications/MAMP/htdocs/cirigliano/protected/views/punto/admin.php (94)
in /Applications/MAMP/htdocs/cirigliano/protected/controllers/PuntoController.php (163)
2015/02/06 16:02:10 [trace] [system.CModule] Loading "coreMessages" application component
in /Applications/MAMP/htdocs/cirigliano/protected/extensions/bootstrap/widgets/TbButtonColumn.php (36)
in /Applications/MAMP/htdocs/cirigliano/protected/extensions/bootstrap/widgets/TbGridView.php (79)
in /Applications/MAMP/htdocs/cirigliano/protected/extensions/bootstrap/widgets/TbGridView.php (48)
2015/02/06 16:02:10 [trace] [system.CModule] Loading "format" application component
in /Applications/MAMP/htdocs/cirigliano/protected/views/punto/admin.php (94)
in /Applications/MAMP/htdocs/cirigliano/protected/controllers/PuntoController.php (163)
in /Applications/MAMP/htdocs/cirigliano/index.php (12)
2015/02/06 16:02:10 [trace] [system.db.ar.CActiveRecord] lazy loading Punto.region
in /Applications/MAMP/htdocs/cirigliano/protected/views/punto/admin.php (94)
in /Applications/MAMP/htdocs/cirigliano/protected/controllers/PuntoController.php (163)
in /Applications/MAMP/htdocs/cirigliano/index.php (12)
2015/02/06 16:02:10 [trace] [system.db.CDbCommand] Querying SQL: SELECT `region`.`id` AS `t1_c0`, `region`.`nombre` AS `t1_c1`, `region`.`orden` AS `t1_c2` FROM `region` `region`  WHERE (`region`.`id`=:ypl0)
in /Applications/MAMP/htdocs/cirigliano/protected/views/punto/admin.php (94)
in /Applications/MAMP/htdocs/cirigliano/protected/controllers/PuntoController.php (163)
in /Applications/MAMP/htdocs/cirigliano/index.php (12)
2015/02/06 16:02:10 [trace] [system.db.ar.CActiveRecord] lazy loading Punto.comuna
in /Applications/MAMP/htdocs/cirigliano/protected/views/punto/admin.php (94)
in /Applications/MAMP/htdocs/cirigliano/protected/controllers/PuntoController.php (163)
in /Applications/MAMP/htdocs/cirigliano/index.php (12)
2015/02/06 16:02:10 [trace] [system.db.CDbCommand] Querying SQL: SELECT `comuna`.`id` AS `t1_c0`, `comuna`.`nombre` AS `t1_c1`, `comuna`.`region_id` AS `t1_c2` FROM `comuna` `comuna`  WHERE (`comuna`.`id`=:ypl0)
in /Applications/MAMP/htdocs/cirigliano/protected/views/punto/admin.php (94)
in /Applications/MAMP/htdocs/cirigliano/protected/controllers/PuntoController.php (163)
in /Applications/MAMP/htdocs/cirigliano/index.php (12)
2015/02/06 16:02:10 [trace] [system.db.ar.CActiveRecord] lazy loading Punto.canal
in /Applications/MAMP/htdocs/cirigliano/protected/views/punto/admin.php (94)
in /Applications/MAMP/htdocs/cirigliano/protected/controllers/PuntoController.php (163)
in /Applications/MAMP/htdocs/cirigliano/index.php (12)
2015/02/06 16:02:10 [trace] [system.db.CDbCommand] Querying SQL: SELECT `canal`.`id` AS `t1_c0`, `canal`.`nombre` AS `t1_c1` FROM `canal` `canal`  WHERE (`canal`.`id`=:ypl0)
in /Applications/MAMP/htdocs/cirigliano/protected/views/punto/admin.php (94)
in /Applications/MAMP/htdocs/cirigliano/protected/controllers/PuntoController.php (163)
in /Applications/MAMP/htdocs/cirigliano/index.php (12)
2015/02/06 16:02:10 [trace] [system.db.ar.CActiveRecord] lazy loading Punto.distribuidor
in /Applications/MAMP/htdocs/cirigliano/protected/views/punto/admin.php (94)
in /Applications/MAMP/htdocs/cirigliano/protected/controllers/PuntoController.php (163)
in /Applications/MAMP/htdocs/cirigliano/index.php (12)
2015/02/06 16:02:10 [trace] [system.db.CDbCommand] Querying SQL: SELECT `distribuidor`.`id` AS `t1_c0`, `distribuidor`.`nombre` AS `t1_c1` FROM `distribuidor` `distribuidor`  WHERE (`distribuidor`.`id`=:ypl0)
in /Applications/MAMP/htdocs/cirigliano/protected/views/punto/admin.php (94)
in /Applications/MAMP/htdocs/cirigliano/protected/controllers/PuntoController.php (163)
in /Applications/MAMP/htdocs/cirigliano/index.php (12)
2015/02/06 16:02:10 [trace] [system.db.ar.CActiveRecord] lazy loading Punto.region
in /Applications/MAMP/htdocs/cirigliano/protected/views/punto/admin.php (94)
in /Applications/MAMP/htdocs/cirigliano/protected/controllers/PuntoController.php (163)
in /Applications/MAMP/htdocs/cirigliano/index.php (12)
2015/02/06 16:02:10 [trace] [system.db.CDbCommand] Querying SQL: SELECT `region`.`id` AS `t1_c0`, `region`.`nombre` AS `t1_c1`, `region`.`orden` AS `t1_c2` FROM `region` `region`  WHERE (`region`.`id`=:ypl0)
in /Applications/MAMP/htdocs/cirigliano/protected/views/punto/admin.php (94)
in /Applications/MAMP/htdocs/cirigliano/protected/controllers/PuntoController.php (163)
in /Applications/MAMP/htdocs/cirigliano/index.php (12)
2015/02/06 16:02:10 [trace] [system.db.ar.CActiveRecord] lazy loading Punto.comuna
in /Applications/MAMP/htdocs/cirigliano/protected/views/punto/admin.php (94)
in /Applications/MAMP/htdocs/cirigliano/protected/controllers/PuntoController.php (163)
in /Applications/MAMP/htdocs/cirigliano/index.php (12)
2015/02/06 16:02:10 [trace] [system.db.CDbCommand] Querying SQL: SELECT `comuna`.`id` AS `t1_c0`, `comuna`.`nombre` AS `t1_c1`, `comuna`.`region_id` AS `t1_c2` FROM `comuna` `comuna`  WHERE (`comuna`.`id`=:ypl0)
in /Applications/MAMP/htdocs/cirigliano/protected/views/punto/admin.php (94)
in /Applications/MAMP/htdocs/cirigliano/protected/controllers/PuntoController.php (163)
in /Applications/MAMP/htdocs/cirigliano/index.php (12)
2015/02/06 16:02:10 [trace] [system.db.ar.CActiveRecord] lazy loading Punto.canal
in /Applications/MAMP/htdocs/cirigliano/protected/views/punto/admin.php (94)
in /Applications/MAMP/htdocs/cirigliano/protected/controllers/PuntoController.php (163)
in /Applications/MAMP/htdocs/cirigliano/index.php (12)
2015/02/06 16:02:10 [trace] [system.db.CDbCommand] Querying SQL: SELECT `canal`.`id` AS `t1_c0`, `canal`.`nombre` AS `t1_c1` FROM `canal` `canal`  WHERE (`canal`.`id`=:ypl0)
in /Applications/MAMP/htdocs/cirigliano/protected/views/punto/admin.php (94)
in /Applications/MAMP/htdocs/cirigliano/protected/controllers/PuntoController.php (163)
in /Applications/MAMP/htdocs/cirigliano/index.php (12)
2015/02/06 16:02:10 [trace] [system.db.ar.CActiveRecord] lazy loading Punto.distribuidor
in /Applications/MAMP/htdocs/cirigliano/protected/views/punto/admin.php (94)
in /Applications/MAMP/htdocs/cirigliano/protected/controllers/PuntoController.php (163)
in /Applications/MAMP/htdocs/cirigliano/index.php (12)
2015/02/06 16:02:10 [trace] [system.db.CDbCommand] Querying SQL: SELECT `distribuidor`.`id` AS `t1_c0`, `distribuidor`.`nombre` AS `t1_c1` FROM `distribuidor` `distribuidor`  WHERE (`distribuidor`.`id`=:ypl0)
in /Applications/MAMP/htdocs/cirigliano/protected/views/punto/admin.php (94)
in /Applications/MAMP/htdocs/cirigliano/protected/controllers/PuntoController.php (163)
in /Applications/MAMP/htdocs/cirigliano/index.php (12)
2015/02/06 16:02:10 [trace] [system.db.ar.CActiveRecord] lazy loading Punto.region
in /Applications/MAMP/htdocs/cirigliano/protected/views/punto/admin.php (94)
in /Applications/MAMP/htdocs/cirigliano/protected/controllers/PuntoController.php (163)
in /Applications/MAMP/htdocs/cirigliano/index.php (12)
2015/02/06 16:02:10 [trace] [system.db.CDbCommand] Querying SQL: SELECT `region`.`id` AS `t1_c0`, `region`.`nombre` AS `t1_c1`, `region`.`orden` AS `t1_c2` FROM `region` `region`  WHERE (`region`.`id`=:ypl0)
in /Applications/MAMP/htdocs/cirigliano/protected/views/punto/admin.php (94)
in /Applications/MAMP/htdocs/cirigliano/protected/controllers/PuntoController.php (163)
in /Applications/MAMP/htdocs/cirigliano/index.php (12)
2015/02/06 16:02:10 [trace] [system.db.ar.CActiveRecord] lazy loading Punto.comuna
in /Applications/MAMP/htdocs/cirigliano/protected/views/punto/admin.php (94)
in /Applications/MAMP/htdocs/cirigliano/protected/controllers/PuntoController.php (163)
in /Applications/MAMP/htdocs/cirigliano/index.php (12)
2015/02/06 16:02:10 [trace] [system.db.CDbCommand] Querying SQL: SELECT `comuna`.`id` AS `t1_c0`, `comuna`.`nombre` AS `t1_c1`, `comuna`.`region_id` AS `t1_c2` FROM `comuna` `comuna`  WHERE (`comuna`.`id`=:ypl0)
in /Applications/MAMP/htdocs/cirigliano/protected/views/punto/admin.php (94)
in /Applications/MAMP/htdocs/cirigliano/protected/controllers/PuntoController.php (163)
in /Applications/MAMP/htdocs/cirigliano/index.php (12)
2015/02/06 16:02:10 [trace] [system.db.ar.CActiveRecord] lazy loading Punto.canal
in /Applications/MAMP/htdocs/cirigliano/protected/views/punto/admin.php (94)
in /Applications/MAMP/htdocs/cirigliano/protected/controllers/PuntoController.php (163)
in /Applications/MAMP/htdocs/cirigliano/index.php (12)
2015/02/06 16:02:10 [trace] [system.db.CDbCommand] Querying SQL: SELECT `canal`.`id` AS `t1_c0`, `canal`.`nombre` AS `t1_c1` FROM `canal` `canal`  WHERE (`canal`.`id`=:ypl0)
in /Applications/MAMP/htdocs/cirigliano/protected/views/punto/admin.php (94)
in /Applications/MAMP/htdocs/cirigliano/protected/controllers/PuntoController.php (163)
in /Applications/MAMP/htdocs/cirigliano/index.php (12)
2015/02/06 16:02:10 [trace] [system.db.ar.CActiveRecord] lazy loading Punto.distribuidor
in /Applications/MAMP/htdocs/cirigliano/protected/views/punto/admin.php (94)
in /Applications/MAMP/htdocs/cirigliano/protected/controllers/PuntoController.php (163)
in /Applications/MAMP/htdocs/cirigliano/index.php (12)
2015/02/06 16:02:10 [trace] [system.db.CDbCommand] Querying SQL: SELECT `distribuidor`.`id` AS `t1_c0`, `distribuidor`.`nombre` AS `t1_c1` FROM `distribuidor` `distribuidor`  WHERE (`distribuidor`.`id`=:ypl0)
in /Applications/MAMP/htdocs/cirigliano/protected/views/punto/admin.php (94)
in /Applications/MAMP/htdocs/cirigliano/protected/controllers/PuntoController.php (163)
in /Applications/MAMP/htdocs/cirigliano/index.php (12)
2015/02/06 16:02:10 [trace] [system.db.ar.CActiveRecord] lazy loading Punto.region
in /Applications/MAMP/htdocs/cirigliano/protected/views/punto/admin.php (94)
in /Applications/MAMP/htdocs/cirigliano/protected/controllers/PuntoController.php (163)
in /Applications/MAMP/htdocs/cirigliano/index.php (12)
2015/02/06 16:02:10 [trace] [system.db.CDbCommand] Querying SQL: SELECT `region`.`id` AS `t1_c0`, `region`.`nombre` AS `t1_c1`, `region`.`orden` AS `t1_c2` FROM `region` `region`  WHERE (`region`.`id`=:ypl0)
in /Applications/MAMP/htdocs/cirigliano/protected/views/punto/admin.php (94)
in /Applications/MAMP/htdocs/cirigliano/protected/controllers/PuntoController.php (163)
in /Applications/MAMP/htdocs/cirigliano/index.php (12)
2015/02/06 16:02:10 [trace] [system.db.ar.CActiveRecord] lazy loading Punto.comuna
in /Applications/MAMP/htdocs/cirigliano/protected/views/punto/admin.php (94)
in /Applications/MAMP/htdocs/cirigliano/protected/controllers/PuntoController.php (163)
in /Applications/MAMP/htdocs/cirigliano/index.php (12)
2015/02/06 16:02:10 [trace] [system.db.CDbCommand] Querying SQL: SELECT `comuna`.`id` AS `t1_c0`, `comuna`.`nombre` AS `t1_c1`, `comuna`.`region_id` AS `t1_c2` FROM `comuna` `comuna`  WHERE (`comuna`.`id`=:ypl0)
in /Applications/MAMP/htdocs/cirigliano/protected/views/punto/admin.php (94)
in /Applications/MAMP/htdocs/cirigliano/protected/controllers/PuntoController.php (163)
in /Applications/MAMP/htdocs/cirigliano/index.php (12)
2015/02/06 16:02:10 [trace] [system.db.ar.CActiveRecord] lazy loading Punto.canal
in /Applications/MAMP/htdocs/cirigliano/protected/views/punto/admin.php (94)
in /Applications/MAMP/htdocs/cirigliano/protected/controllers/PuntoController.php (163)
in /Applications/MAMP/htdocs/cirigliano/index.php (12)
2015/02/06 16:02:10 [trace] [system.db.CDbCommand] Querying SQL: SELECT `canal`.`id` AS `t1_c0`, `canal`.`nombre` AS `t1_c1` FROM `canal` `canal`  WHERE (`canal`.`id`=:ypl0)
in /Applications/MAMP/htdocs/cirigliano/protected/views/punto/admin.php (94)
in /Applications/MAMP/htdocs/cirigliano/protected/controllers/PuntoController.php (163)
in /Applications/MAMP/htdocs/cirigliano/index.php (12)
2015/02/06 16:02:10 [trace] [system.db.ar.CActiveRecord] lazy loading Punto.distribuidor
in /Applications/MAMP/htdocs/cirigliano/protected/views/punto/admin.php (94)
in /Applications/MAMP/htdocs/cirigliano/protected/controllers/PuntoController.php (163)
in /Applications/MAMP/htdocs/cirigliano/index.php (12)
2015/02/06 16:02:10 [trace] [system.db.CDbCommand] Querying SQL: SELECT `distribuidor`.`id` AS `t1_c0`, `distribuidor`.`nombre` AS `t1_c1` FROM `distribuidor` `distribuidor`  WHERE (`distribuidor`.`id`=:ypl0)
in /Applications/MAMP/htdocs/cirigliano/protected/views/punto/admin.php (94)
in /Applications/MAMP/htdocs/cirigliano/protected/controllers/PuntoController.php (163)
in /Applications/MAMP/htdocs/cirigliano/index.php (12)
2015/02/06 16:02:10 [trace] [system.db.ar.CActiveRecord] lazy loading Punto.region
in /Applications/MAMP/htdocs/cirigliano/protected/views/punto/admin.php (94)
in /Applications/MAMP/htdocs/cirigliano/protected/controllers/PuntoController.php (163)
in /Applications/MAMP/htdocs/cirigliano/index.php (12)
2015/02/06 16:02:10 [trace] [system.db.CDbCommand] Querying SQL: SELECT `region`.`id` AS `t1_c0`, `region`.`nombre` AS `t1_c1`, `region`.`orden` AS `t1_c2` FROM `region` `region`  WHERE (`region`.`id`=:ypl0)
in /Applications/MAMP/htdocs/cirigliano/protected/views/punto/admin.php (94)
in /Applications/MAMP/htdocs/cirigliano/protected/controllers/PuntoController.php (163)
in /Applications/MAMP/htdocs/cirigliano/index.php (12)
2015/02/06 16:02:10 [trace] [system.db.ar.CActiveRecord] lazy loading Punto.comuna
in /Applications/MAMP/htdocs/cirigliano/protected/views/punto/admin.php (94)
in /Applications/MAMP/htdocs/cirigliano/protected/controllers/PuntoController.php (163)
in /Applications/MAMP/htdocs/cirigliano/index.php (12)
2015/02/06 16:02:10 [trace] [system.db.CDbCommand] Querying SQL: SELECT `comuna`.`id` AS `t1_c0`, `comuna`.`nombre` AS `t1_c1`, `comuna`.`region_id` AS `t1_c2` FROM `comuna` `comuna`  WHERE (`comuna`.`id`=:ypl0)
in /Applications/MAMP/htdocs/cirigliano/protected/views/punto/admin.php (94)
in /Applications/MAMP/htdocs/cirigliano/protected/controllers/PuntoController.php (163)
in /Applications/MAMP/htdocs/cirigliano/index.php (12)
2015/02/06 16:02:10 [trace] [system.db.ar.CActiveRecord] lazy loading Punto.canal
in /Applications/MAMP/htdocs/cirigliano/protected/views/punto/admin.php (94)
in /Applications/MAMP/htdocs/cirigliano/protected/controllers/PuntoController.php (163)
in /Applications/MAMP/htdocs/cirigliano/index.php (12)
2015/02/06 16:02:10 [trace] [system.db.CDbCommand] Querying SQL: SELECT `canal`.`id` AS `t1_c0`, `canal`.`nombre` AS `t1_c1` FROM `canal` `canal`  WHERE (`canal`.`id`=:ypl0)
in /Applications/MAMP/htdocs/cirigliano/protected/views/punto/admin.php (94)
in /Applications/MAMP/htdocs/cirigliano/protected/controllers/PuntoController.php (163)
in /Applications/MAMP/htdocs/cirigliano/index.php (12)
2015/02/06 16:02:10 [trace] [system.db.ar.CActiveRecord] lazy loading Punto.distribuidor
in /Applications/MAMP/htdocs/cirigliano/protected/views/punto/admin.php (94)
in /Applications/MAMP/htdocs/cirigliano/protected/controllers/PuntoController.php (163)
in /Applications/MAMP/htdocs/cirigliano/index.php (12)
2015/02/06 16:02:10 [trace] [system.db.CDbCommand] Querying SQL: SELECT `distribuidor`.`id` AS `t1_c0`, `distribuidor`.`nombre` AS `t1_c1` FROM `distribuidor` `distribuidor`  WHERE (`distribuidor`.`id`=:ypl0)
in /Applications/MAMP/htdocs/cirigliano/protected/views/punto/admin.php (94)
in /Applications/MAMP/htdocs/cirigliano/protected/controllers/PuntoController.php (163)
in /Applications/MAMP/htdocs/cirigliano/index.php (12)
2015/02/06 16:02:10 [trace] [system.db.ar.CActiveRecord] lazy loading Punto.region
in /Applications/MAMP/htdocs/cirigliano/protected/views/punto/admin.php (94)
in /Applications/MAMP/htdocs/cirigliano/protected/controllers/PuntoController.php (163)
in /Applications/MAMP/htdocs/cirigliano/index.php (12)
2015/02/06 16:02:10 [trace] [system.db.CDbCommand] Querying SQL: SELECT `region`.`id` AS `t1_c0`, `region`.`nombre` AS `t1_c1`, `region`.`orden` AS `t1_c2` FROM `region` `region`  WHERE (`region`.`id`=:ypl0)
in /Applications/MAMP/htdocs/cirigliano/protected/views/punto/admin.php (94)
in /Applications/MAMP/htdocs/cirigliano/protected/controllers/PuntoController.php (163)
in /Applications/MAMP/htdocs/cirigliano/index.php (12)
2015/02/06 16:02:10 [trace] [system.db.ar.CActiveRecord] lazy loading Punto.comuna
in /Applications/MAMP/htdocs/cirigliano/protected/views/punto/admin.php (94)
in /Applications/MAMP/htdocs/cirigliano/protected/controllers/PuntoController.php (163)
in /Applications/MAMP/htdocs/cirigliano/index.php (12)
2015/02/06 16:02:10 [trace] [system.db.CDbCommand] Querying SQL: SELECT `comuna`.`id` AS `t1_c0`, `comuna`.`nombre` AS `t1_c1`, `comuna`.`region_id` AS `t1_c2` FROM `comuna` `comuna`  WHERE (`comuna`.`id`=:ypl0)
in /Applications/MAMP/htdocs/cirigliano/protected/views/punto/admin.php (94)
in /Applications/MAMP/htdocs/cirigliano/protected/controllers/PuntoController.php (163)
in /Applications/MAMP/htdocs/cirigliano/index.php (12)
2015/02/06 16:02:10 [trace] [system.db.ar.CActiveRecord] lazy loading Punto.canal
in /Applications/MAMP/htdocs/cirigliano/protected/views/punto/admin.php (94)
in /Applications/MAMP/htdocs/cirigliano/protected/controllers/PuntoController.php (163)
in /Applications/MAMP/htdocs/cirigliano/index.php (12)
2015/02/06 16:02:10 [trace] [system.db.CDbCommand] Querying SQL: SELECT `canal`.`id` AS `t1_c0`, `canal`.`nombre` AS `t1_c1` FROM `canal` `canal`  WHERE (`canal`.`id`=:ypl0)
in /Applications/MAMP/htdocs/cirigliano/protected/views/punto/admin.php (94)
in /Applications/MAMP/htdocs/cirigliano/protected/controllers/PuntoController.php (163)
in /Applications/MAMP/htdocs/cirigliano/index.php (12)
2015/02/06 16:02:10 [trace] [system.db.ar.CActiveRecord] lazy loading Punto.distribuidor
in /Applications/MAMP/htdocs/cirigliano/protected/views/punto/admin.php (94)
in /Applications/MAMP/htdocs/cirigliano/protected/controllers/PuntoController.php (163)
in /Applications/MAMP/htdocs/cirigliano/index.php (12)
2015/02/06 16:02:10 [trace] [system.db.CDbCommand] Querying SQL: SELECT `distribuidor`.`id` AS `t1_c0`, `distribuidor`.`nombre` AS `t1_c1` FROM `distribuidor` `distribuidor`  WHERE (`distribuidor`.`id`=:ypl0)
in /Applications/MAMP/htdocs/cirigliano/protected/views/punto/admin.php (94)
in /Applications/MAMP/htdocs/cirigliano/protected/controllers/PuntoController.php (163)
in /Applications/MAMP/htdocs/cirigliano/index.php (12)
2015/02/06 16:02:10 [trace] [system.db.ar.CActiveRecord] lazy loading Punto.region
in /Applications/MAMP/htdocs/cirigliano/protected/views/punto/admin.php (94)
in /Applications/MAMP/htdocs/cirigliano/protected/controllers/PuntoController.php (163)
in /Applications/MAMP/htdocs/cirigliano/index.php (12)
2015/02/06 16:02:10 [trace] [system.db.CDbCommand] Querying SQL: SELECT `region`.`id` AS `t1_c0`, `region`.`nombre` AS `t1_c1`, `region`.`orden` AS `t1_c2` FROM `region` `region`  WHERE (`region`.`id`=:ypl0)
in /Applications/MAMP/htdocs/cirigliano/protected/views/punto/admin.php (94)
in /Applications/MAMP/htdocs/cirigliano/protected/controllers/PuntoController.php (163)
in /Applications/MAMP/htdocs/cirigliano/index.php (12)
2015/02/06 16:02:10 [trace] [system.db.ar.CActiveRecord] lazy loading Punto.comuna
in /Applications/MAMP/htdocs/cirigliano/protected/views/punto/admin.php (94)
in /Applications/MAMP/htdocs/cirigliano/protected/controllers/PuntoController.php (163)
in /Applications/MAMP/htdocs/cirigliano/index.php (12)
2015/02/06 16:02:10 [trace] [system.db.CDbCommand] Querying SQL: SELECT `comuna`.`id` AS `t1_c0`, `comuna`.`nombre` AS `t1_c1`, `comuna`.`region_id` AS `t1_c2` FROM `comuna` `comuna`  WHERE (`comuna`.`id`=:ypl0)
in /Applications/MAMP/htdocs/cirigliano/protected/views/punto/admin.php (94)
in /Applications/MAMP/htdocs/cirigliano/protected/controllers/PuntoController.php (163)
in /Applications/MAMP/htdocs/cirigliano/index.php (12)
2015/02/06 16:02:10 [trace] [system.db.ar.CActiveRecord] lazy loading Punto.canal
in /Applications/MAMP/htdocs/cirigliano/protected/views/punto/admin.php (94)
in /Applications/MAMP/htdocs/cirigliano/protected/controllers/PuntoController.php (163)
in /Applications/MAMP/htdocs/cirigliano/index.php (12)
2015/02/06 16:02:10 [trace] [system.db.CDbCommand] Querying SQL: SELECT `canal`.`id` AS `t1_c0`, `canal`.`nombre` AS `t1_c1` FROM `canal` `canal`  WHERE (`canal`.`id`=:ypl0)
in /Applications/MAMP/htdocs/cirigliano/protected/views/punto/admin.php (94)
in /Applications/MAMP/htdocs/cirigliano/protected/controllers/PuntoController.php (163)
in /Applications/MAMP/htdocs/cirigliano/index.php (12)
2015/02/06 16:02:10 [trace] [system.db.ar.CActiveRecord] lazy loading Punto.distribuidor
in /Applications/MAMP/htdocs/cirigliano/protected/views/punto/admin.php (94)
in /Applications/MAMP/htdocs/cirigliano/protected/controllers/PuntoController.php (163)
in /Applications/MAMP/htdocs/cirigliano/index.php (12)
2015/02/06 16:02:10 [trace] [system.db.CDbCommand] Querying SQL: SELECT `distribuidor`.`id` AS `t1_c0`, `distribuidor`.`nombre` AS `t1_c1` FROM `distribuidor` `distribuidor`  WHERE (`distribuidor`.`id`=:ypl0)
in /Applications/MAMP/htdocs/cirigliano/protected/views/punto/admin.php (94)
in /Applications/MAMP/htdocs/cirigliano/protected/controllers/PuntoController.php (163)
in /Applications/MAMP/htdocs/cirigliano/index.php (12)
2015/02/06 16:02:10 [trace] [system.db.ar.CActiveRecord] lazy loading Punto.region
in /Applications/MAMP/htdocs/cirigliano/protected/views/punto/admin.php (94)
in /Applications/MAMP/htdocs/cirigliano/protected/controllers/PuntoController.php (163)
in /Applications/MAMP/htdocs/cirigliano/index.php (12)
2015/02/06 16:02:10 [trace] [system.db.CDbCommand] Querying SQL: SELECT `region`.`id` AS `t1_c0`, `region`.`nombre` AS `t1_c1`, `region`.`orden` AS `t1_c2` FROM `region` `region`  WHERE (`region`.`id`=:ypl0)
in /Applications/MAMP/htdocs/cirigliano/protected/views/punto/admin.php (94)
in /Applications/MAMP/htdocs/cirigliano/protected/controllers/PuntoController.php (163)
in /Applications/MAMP/htdocs/cirigliano/index.php (12)
2015/02/06 16:02:10 [trace] [system.db.ar.CActiveRecord] lazy loading Punto.comuna
in /Applications/MAMP/htdocs/cirigliano/protected/views/punto/admin.php (94)
in /Applications/MAMP/htdocs/cirigliano/protected/controllers/PuntoController.php (163)
in /Applications/MAMP/htdocs/cirigliano/index.php (12)
2015/02/06 16:02:10 [trace] [system.db.CDbCommand] Querying SQL: SELECT `comuna`.`id` AS `t1_c0`, `comuna`.`nombre` AS `t1_c1`, `comuna`.`region_id` AS `t1_c2` FROM `comuna` `comuna`  WHERE (`comuna`.`id`=:ypl0)
in /Applications/MAMP/htdocs/cirigliano/protected/views/punto/admin.php (94)
in /Applications/MAMP/htdocs/cirigliano/protected/controllers/PuntoController.php (163)
in /Applications/MAMP/htdocs/cirigliano/index.php (12)
2015/02/06 16:02:10 [trace] [system.db.ar.CActiveRecord] lazy loading Punto.canal
in /Applications/MAMP/htdocs/cirigliano/protected/views/punto/admin.php (94)
in /Applications/MAMP/htdocs/cirigliano/protected/controllers/PuntoController.php (163)
in /Applications/MAMP/htdocs/cirigliano/index.php (12)
2015/02/06 16:02:10 [trace] [system.db.CDbCommand] Querying SQL: SELECT `canal`.`id` AS `t1_c0`, `canal`.`nombre` AS `t1_c1` FROM `canal` `canal`  WHERE (`canal`.`id`=:ypl0)
in /Applications/MAMP/htdocs/cirigliano/protected/views/punto/admin.php (94)
in /Applications/MAMP/htdocs/cirigliano/protected/controllers/PuntoController.php (163)
in /Applications/MAMP/htdocs/cirigliano/index.php (12)
2015/02/06 16:02:10 [trace] [system.db.ar.CActiveRecord] lazy loading Punto.distribuidor
in /Applications/MAMP/htdocs/cirigliano/protected/views/punto/admin.php (94)
in /Applications/MAMP/htdocs/cirigliano/protected/controllers/PuntoController.php (163)
in /Applications/MAMP/htdocs/cirigliano/index.php (12)
2015/02/06 16:02:10 [trace] [system.db.CDbCommand] Querying SQL: SELECT `distribuidor`.`id` AS `t1_c0`, `distribuidor`.`nombre` AS `t1_c1` FROM `distribuidor` `distribuidor`  WHERE (`distribuidor`.`id`=:ypl0)
in /Applications/MAMP/htdocs/cirigliano/protected/views/punto/admin.php (94)
in /Applications/MAMP/htdocs/cirigliano/protected/controllers/PuntoController.php (163)
in /Applications/MAMP/htdocs/cirigliano/index.php (12)
2015/02/06 16:02:10 [trace] [system.db.ar.CActiveRecord] lazy loading Punto.region
in /Applications/MAMP/htdocs/cirigliano/protected/views/punto/admin.php (94)
in /Applications/MAMP/htdocs/cirigliano/protected/controllers/PuntoController.php (163)
in /Applications/MAMP/htdocs/cirigliano/index.php (12)
2015/02/06 16:02:10 [trace] [system.db.CDbCommand] Querying SQL: SELECT `region`.`id` AS `t1_c0`, `region`.`nombre` AS `t1_c1`, `region`.`orden` AS `t1_c2` FROM `region` `region`  WHERE (`region`.`id`=:ypl0)
in /Applications/MAMP/htdocs/cirigliano/protected/views/punto/admin.php (94)
in /Applications/MAMP/htdocs/cirigliano/protected/controllers/PuntoController.php (163)
in /Applications/MAMP/htdocs/cirigliano/index.php (12)
2015/02/06 16:02:10 [trace] [system.db.ar.CActiveRecord] lazy loading Punto.comuna
in /Applications/MAMP/htdocs/cirigliano/protected/views/punto/admin.php (94)
in /Applications/MAMP/htdocs/cirigliano/protected/controllers/PuntoController.php (163)
in /Applications/MAMP/htdocs/cirigliano/index.php (12)
2015/02/06 16:02:10 [trace] [system.db.CDbCommand] Querying SQL: SELECT `comuna`.`id` AS `t1_c0`, `comuna`.`nombre` AS `t1_c1`, `comuna`.`region_id` AS `t1_c2` FROM `comuna` `comuna`  WHERE (`comuna`.`id`=:ypl0)
in /Applications/MAMP/htdocs/cirigliano/protected/views/punto/admin.php (94)
in /Applications/MAMP/htdocs/cirigliano/protected/controllers/PuntoController.php (163)
in /Applications/MAMP/htdocs/cirigliano/index.php (12)
2015/02/06 16:02:10 [trace] [system.db.ar.CActiveRecord] lazy loading Punto.canal
in /Applications/MAMP/htdocs/cirigliano/protected/views/punto/admin.php (94)
in /Applications/MAMP/htdocs/cirigliano/protected/controllers/PuntoController.php (163)
in /Applications/MAMP/htdocs/cirigliano/index.php (12)
2015/02/06 16:02:10 [trace] [system.db.CDbCommand] Querying SQL: SELECT `canal`.`id` AS `t1_c0`, `canal`.`nombre` AS `t1_c1` FROM `canal` `canal`  WHERE (`canal`.`id`=:ypl0)
in /Applications/MAMP/htdocs/cirigliano/protected/views/punto/admin.php (94)
in /Applications/MAMP/htdocs/cirigliano/protected/controllers/PuntoController.php (163)
in /Applications/MAMP/htdocs/cirigliano/index.php (12)
2015/02/06 16:02:10 [trace] [system.db.ar.CActiveRecord] lazy loading Punto.distribuidor
in /Applications/MAMP/htdocs/cirigliano/protected/views/punto/admin.php (94)
in /Applications/MAMP/htdocs/cirigliano/protected/controllers/PuntoController.php (163)
in /Applications/MAMP/htdocs/cirigliano/index.php (12)
2015/02/06 16:02:10 [trace] [system.db.CDbCommand] Querying SQL: SELECT `distribuidor`.`id` AS `t1_c0`, `distribuidor`.`nombre` AS `t1_c1` FROM `distribuidor` `distribuidor`  WHERE (`distribuidor`.`id`=:ypl0)
in /Applications/MAMP/htdocs/cirigliano/protected/views/punto/admin.php (94)
in /Applications/MAMP/htdocs/cirigliano/protected/controllers/PuntoController.php (163)
in /Applications/MAMP/htdocs/cirigliano/index.php (12)
2015/02/06 16:02:10 [trace] [system.db.ar.CActiveRecord] lazy loading Punto.region
in /Applications/MAMP/htdocs/cirigliano/protected/views/punto/admin.php (94)
in /Applications/MAMP/htdocs/cirigliano/protected/controllers/PuntoController.php (163)
in /Applications/MAMP/htdocs/cirigliano/index.php (12)
2015/02/06 16:02:10 [trace] [system.db.CDbCommand] Querying SQL: SELECT `region`.`id` AS `t1_c0`, `region`.`nombre` AS `t1_c1`, `region`.`orden` AS `t1_c2` FROM `region` `region`  WHERE (`region`.`id`=:ypl0)
in /Applications/MAMP/htdocs/cirigliano/protected/views/punto/admin.php (94)
in /Applications/MAMP/htdocs/cirigliano/protected/controllers/PuntoController.php (163)
in /Applications/MAMP/htdocs/cirigliano/index.php (12)
2015/02/06 16:02:10 [trace] [system.db.ar.CActiveRecord] lazy loading Punto.comuna
in /Applications/MAMP/htdocs/cirigliano/protected/views/punto/admin.php (94)
in /Applications/MAMP/htdocs/cirigliano/protected/controllers/PuntoController.php (163)
in /Applications/MAMP/htdocs/cirigliano/index.php (12)
2015/02/06 16:02:10 [trace] [system.db.CDbCommand] Querying SQL: SELECT `comuna`.`id` AS `t1_c0`, `comuna`.`nombre` AS `t1_c1`, `comuna`.`region_id` AS `t1_c2` FROM `comuna` `comuna`  WHERE (`comuna`.`id`=:ypl0)
in /Applications/MAMP/htdocs/cirigliano/protected/views/punto/admin.php (94)
in /Applications/MAMP/htdocs/cirigliano/protected/controllers/PuntoController.php (163)
in /Applications/MAMP/htdocs/cirigliano/index.php (12)
2015/02/06 16:02:10 [trace] [system.db.ar.CActiveRecord] lazy loading Punto.canal
in /Applications/MAMP/htdocs/cirigliano/protected/views/punto/admin.php (94)
in /Applications/MAMP/htdocs/cirigliano/protected/controllers/PuntoController.php (163)
in /Applications/MAMP/htdocs/cirigliano/index.php (12)
2015/02/06 16:02:10 [trace] [system.db.CDbCommand] Querying SQL: SELECT `canal`.`id` AS `t1_c0`, `canal`.`nombre` AS `t1_c1` FROM `canal` `canal`  WHERE (`canal`.`id`=:ypl0)
in /Applications/MAMP/htdocs/cirigliano/protected/views/punto/admin.php (94)
in /Applications/MAMP/htdocs/cirigliano/protected/controllers/PuntoController.php (163)
in /Applications/MAMP/htdocs/cirigliano/index.php (12)
2015/02/06 16:02:10 [trace] [system.db.ar.CActiveRecord] lazy loading Punto.distribuidor
in /Applications/MAMP/htdocs/cirigliano/protected/views/punto/admin.php (94)
in /Applications/MAMP/htdocs/cirigliano/protected/controllers/PuntoController.php (163)
in /Applications/MAMP/htdocs/cirigliano/index.php (12)
2015/02/06 16:02:10 [trace] [system.db.CDbCommand] Querying SQL: SELECT `distribuidor`.`id` AS `t1_c0`, `distribuidor`.`nombre` AS `t1_c1` FROM `distribuidor` `distribuidor`  WHERE (`distribuidor`.`id`=:ypl0)
in /Applications/MAMP/htdocs/cirigliano/protected/views/punto/admin.php (94)
in /Applications/MAMP/htdocs/cirigliano/protected/controllers/PuntoController.php (163)
in /Applications/MAMP/htdocs/cirigliano/index.php (12)
2015/02/06 16:02:53 [trace] [system.CModule] Loading "log" application component
in /Applications/MAMP/htdocs/cirigliano/index.php (12)
2015/02/06 16:02:53 [trace] [system.CModule] Loading "bootstrap" application component
in /Applications/MAMP/htdocs/cirigliano/index.php (12)
2015/02/06 16:02:53 [trace] [system.CModule] Loading "request" application component
in /Applications/MAMP/htdocs/cirigliano/index.php (12)
2015/02/06 16:02:53 [trace] [system.CModule] Loading "urlManager" application component
in /Applications/MAMP/htdocs/cirigliano/index.php (12)
2015/02/06 16:02:53 [trace] [system.web.filters.CFilterChain] Running filter AuthFilter.filter()
in /Applications/MAMP/htdocs/cirigliano/index.php (12)
2015/02/06 16:02:53 [trace] [system.CModule] Loading "user" application component
in /Applications/MAMP/htdocs/cirigliano/protected/modules/auth/filters/AuthFilter.php (33)
in /Applications/MAMP/htdocs/cirigliano/index.php (12)
2015/02/06 16:02:53 [trace] [system.CModule] Loading "session" application component
in /Applications/MAMP/htdocs/cirigliano/protected/modules/auth/components/AuthWebUser.php (27)
in /Applications/MAMP/htdocs/cirigliano/protected/modules/auth/filters/AuthFilter.php (33)
in /Applications/MAMP/htdocs/cirigliano/index.php (12)
2015/02/06 16:02:53 [trace] [system.CModule] Loading "db" application component
in /Applications/MAMP/htdocs/cirigliano/protected/controllers/PuntoController.php (151)
in /Applications/MAMP/htdocs/cirigliano/index.php (12)
2015/02/06 16:02:53 [trace] [system.db.CDbConnection] Opening DB connection
in /Applications/MAMP/htdocs/cirigliano/protected/controllers/PuntoController.php (151)
in /Applications/MAMP/htdocs/cirigliano/index.php (12)
2015/02/06 16:02:53 [trace] [system.db.CDbCommand] Querying SQL: SHOW FULL COLUMNS FROM `punto`
in /Applications/MAMP/htdocs/cirigliano/protected/controllers/PuntoController.php (151)
in /Applications/MAMP/htdocs/cirigliano/index.php (12)
2015/02/06 16:02:53 [trace] [system.db.CDbCommand] Querying SQL: SHOW CREATE TABLE `punto`
in /Applications/MAMP/htdocs/cirigliano/protected/controllers/PuntoController.php (151)
in /Applications/MAMP/htdocs/cirigliano/index.php (12)
2015/02/06 16:02:53 [trace] [system.CModule] Loading "messages" application component
in /Applications/MAMP/htdocs/cirigliano/protected/views/punto/admin.php (7)
in /Applications/MAMP/htdocs/cirigliano/protected/controllers/PuntoController.php (163)
in /Applications/MAMP/htdocs/cirigliano/index.php (12)
2015/02/06 16:02:53 [trace] [system.CModule] Loading "clientScript" application component
in /Applications/MAMP/htdocs/cirigliano/protected/views/punto/admin.php (15)
in /Applications/MAMP/htdocs/cirigliano/protected/controllers/PuntoController.php (163)
in /Applications/MAMP/htdocs/cirigliano/index.php (12)
2015/02/06 16:02:53 [trace] [system.db.ar.CActiveRecord] Region.findAll()
in /Applications/MAMP/htdocs/cirigliano/protected/views/punto/admin.php (46)
in /Applications/MAMP/htdocs/cirigliano/protected/controllers/PuntoController.php (163)
in /Applications/MAMP/htdocs/cirigliano/index.php (12)
2015/02/06 16:02:53 [trace] [system.db.CDbCommand] Querying SQL: SHOW FULL COLUMNS FROM `region`
in /Applications/MAMP/htdocs/cirigliano/protected/views/punto/admin.php (46)
in /Applications/MAMP/htdocs/cirigliano/protected/controllers/PuntoController.php (163)
in /Applications/MAMP/htdocs/cirigliano/index.php (12)
2015/02/06 16:02:53 [trace] [system.db.CDbCommand] Querying SQL: SHOW CREATE TABLE `region`
in /Applications/MAMP/htdocs/cirigliano/protected/views/punto/admin.php (46)
in /Applications/MAMP/htdocs/cirigliano/protected/controllers/PuntoController.php (163)
in /Applications/MAMP/htdocs/cirigliano/index.php (12)
2015/02/06 16:02:53 [trace] [system.db.CDbCommand] Querying SQL: SELECT * FROM `region` `t` ORDER BY orden
in /Applications/MAMP/htdocs/cirigliano/protected/views/punto/admin.php (46)
in /Applications/MAMP/htdocs/cirigliano/protected/controllers/PuntoController.php (163)
in /Applications/MAMP/htdocs/cirigliano/index.php (12)
2015/02/06 16:02:53 [trace] [system.db.ar.CActiveRecord] Comuna.findAll()
in /Applications/MAMP/htdocs/cirigliano/protected/views/punto/admin.php (54)
in /Applications/MAMP/htdocs/cirigliano/protected/controllers/PuntoController.php (163)
in /Applications/MAMP/htdocs/cirigliano/index.php (12)
2015/02/06 16:02:53 [trace] [system.db.CDbCommand] Querying SQL: SHOW FULL COLUMNS FROM `comuna`
in /Applications/MAMP/htdocs/cirigliano/protected/views/punto/admin.php (54)
in /Applications/MAMP/htdocs/cirigliano/protected/controllers/PuntoController.php (163)
in /Applications/MAMP/htdocs/cirigliano/index.php (12)
2015/02/06 16:02:53 [trace] [system.db.CDbCommand] Querying SQL: SHOW CREATE TABLE `comuna`
in /Applications/MAMP/htdocs/cirigliano/protected/views/punto/admin.php (54)
in /Applications/MAMP/htdocs/cirigliano/protected/controllers/PuntoController.php (163)
in /Applications/MAMP/htdocs/cirigliano/index.php (12)
2015/02/06 16:02:53 [trace] [system.db.CDbCommand] Querying SQL: SELECT * FROM `comuna` `t` ORDER BY nombre
in /Applications/MAMP/htdocs/cirigliano/protected/views/punto/admin.php (54)
in /Applications/MAMP/htdocs/cirigliano/protected/controllers/PuntoController.php (163)
in /Applications/MAMP/htdocs/cirigliano/index.php (12)
2015/02/06 16:02:53 [trace] [system.CModule] Loading "widgetFactory" application component
in /Applications/MAMP/htdocs/cirigliano/protected/views/punto/admin.php (60)
in /Applications/MAMP/htdocs/cirigliano/protected/controllers/PuntoController.php (163)
in /Applications/MAMP/htdocs/cirigliano/index.php (12)
2015/02/06 16:02:53 [trace] [system.CModule] Loading "yiiwheels" application component
in /Applications/MAMP/htdocs/cirigliano/protected/extensions/yiiwheels/behaviors/WhPlugin.php (55)
in /Applications/MAMP/htdocs/cirigliano/protected/extensions/yiiwheels/behaviors/WhPlugin.php (43)
in /Applications/MAMP/htdocs/cirigliano/protected/extensions/yiiwheels/behaviors/WhPlugin.php (29)
2015/02/06 16:02:53 [trace] [system.CModule] Loading "assetManager" application component
in /Applications/MAMP/htdocs/cirigliano/protected/extensions/yiiwheels/behaviors/WhPlugin.php (31)
in /Applications/MAMP/htdocs/cirigliano/protected/extensions/yiiwheels/widgets/select2/WhSelect2.php (92)
in /Applications/MAMP/htdocs/cirigliano/protected/extensions/yiiwheels/widgets/select2/WhSelect2.php (92)
2015/02/06 16:02:53 [trace] [system.db.ar.CActiveRecord] Canal.findAll()
in /Applications/MAMP/htdocs/cirigliano/protected/views/punto/admin.php (65)
in /Applications/MAMP/htdocs/cirigliano/protected/controllers/PuntoController.php (163)
in /Applications/MAMP/htdocs/cirigliano/index.php (12)
2015/02/06 16:02:53 [trace] [system.db.CDbCommand] Querying SQL: SHOW FULL COLUMNS FROM `canal`
in /Applications/MAMP/htdocs/cirigliano/protected/views/punto/admin.php (65)
in /Applications/MAMP/htdocs/cirigliano/protected/controllers/PuntoController.php (163)
in /Applications/MAMP/htdocs/cirigliano/index.php (12)
2015/02/06 16:02:53 [trace] [system.db.CDbCommand] Querying SQL: SHOW CREATE TABLE `canal`
in /Applications/MAMP/htdocs/cirigliano/protected/views/punto/admin.php (65)
in /Applications/MAMP/htdocs/cirigliano/protected/controllers/PuntoController.php (163)
in /Applications/MAMP/htdocs/cirigliano/index.php (12)
2015/02/06 16:02:53 [trace] [system.db.CDbCommand] Querying SQL: SELECT * FROM `canal` `t`
in /Applications/MAMP/htdocs/cirigliano/protected/views/punto/admin.php (65)
in /Applications/MAMP/htdocs/cirigliano/protected/controllers/PuntoController.php (163)
in /Applications/MAMP/htdocs/cirigliano/index.php (12)
2015/02/06 16:02:53 [trace] [system.db.ar.CActiveRecord] Distribuidor.findAll()
in /Applications/MAMP/htdocs/cirigliano/protected/views/punto/admin.php (73)
in /Applications/MAMP/htdocs/cirigliano/protected/controllers/PuntoController.php (163)
in /Applications/MAMP/htdocs/cirigliano/index.php (12)
2015/02/06 16:02:53 [trace] [system.db.CDbCommand] Querying SQL: SHOW FULL COLUMNS FROM `distribuidor`
in /Applications/MAMP/htdocs/cirigliano/protected/views/punto/admin.php (73)
in /Applications/MAMP/htdocs/cirigliano/protected/controllers/PuntoController.php (163)
in /Applications/MAMP/htdocs/cirigliano/index.php (12)
2015/02/06 16:02:53 [trace] [system.db.CDbCommand] Querying SQL: SHOW CREATE TABLE `distribuidor`
in /Applications/MAMP/htdocs/cirigliano/protected/views/punto/admin.php (73)
in /Applications/MAMP/htdocs/cirigliano/protected/controllers/PuntoController.php (163)
in /Applications/MAMP/htdocs/cirigliano/index.php (12)
2015/02/06 16:02:53 [trace] [system.db.CDbCommand] Querying SQL: SELECT * FROM `distribuidor` `t` ORDER BY nombre
in /Applications/MAMP/htdocs/cirigliano/protected/views/punto/admin.php (73)
in /Applications/MAMP/htdocs/cirigliano/protected/controllers/PuntoController.php (163)
in /Applications/MAMP/htdocs/cirigliano/index.php (12)
2015/02/06 16:02:53 [trace] [system.db.ar.CActiveRecord] Punto.count()
in /Applications/MAMP/htdocs/cirigliano/protected/extensions/bootstrap/widgets/TbGridView.php (48)
in /Applications/MAMP/htdocs/cirigliano/protected/views/punto/admin.php (94)
in /Applications/MAMP/htdocs/cirigliano/protected/controllers/PuntoController.php (163)
2015/02/06 16:02:53 [trace] [system.db.CDbCommand] Querying SQL: SELECT COUNT(*) FROM `punto` `t` WHERE codigo LIKE :ycp0
in /Applications/MAMP/htdocs/cirigliano/protected/extensions/bootstrap/widgets/TbGridView.php (48)
in /Applications/MAMP/htdocs/cirigliano/protected/views/punto/admin.php (94)
in /Applications/MAMP/htdocs/cirigliano/protected/controllers/PuntoController.php (163)
2015/02/06 16:02:53 [trace] [system.db.ar.CActiveRecord] Punto.findAll()
in /Applications/MAMP/htdocs/cirigliano/protected/extensions/bootstrap/widgets/TbGridView.php (48)
in /Applications/MAMP/htdocs/cirigliano/protected/views/punto/admin.php (94)
in /Applications/MAMP/htdocs/cirigliano/protected/controllers/PuntoController.php (163)
2015/02/06 16:02:53 [trace] [system.db.CDbCommand] Querying SQL: SELECT * FROM `punto` `t` WHERE codigo LIKE :ycp0 LIMIT 10
in /Applications/MAMP/htdocs/cirigliano/protected/extensions/bootstrap/widgets/TbGridView.php (48)
in /Applications/MAMP/htdocs/cirigliano/protected/views/punto/admin.php (94)
in /Applications/MAMP/htdocs/cirigliano/protected/controllers/PuntoController.php (163)
2015/02/06 16:02:53 [trace] [system.CModule] Loading "coreMessages" application component
in /Applications/MAMP/htdocs/cirigliano/protected/extensions/bootstrap/widgets/TbButtonColumn.php (36)
in /Applications/MAMP/htdocs/cirigliano/protected/extensions/bootstrap/widgets/TbGridView.php (79)
in /Applications/MAMP/htdocs/cirigliano/protected/extensions/bootstrap/widgets/TbGridView.php (48)
